2023-02-08 20:08:49.102  WARN 11804 --- [main] c.a.c.n.c.NacosPropertySourceBuilder     : Ignore the empty nacos configuration and get it based on dataId[aggregate-pay-merchant-application] & group[DEFAULT_GROUP]
2023-02-08 20:08:49.132  INFO 11804 --- [main] b.c.PropertySourceBootstrapConfiguration : Located property source: [BootstrapPropertySource {name='bootstrapProperties-aggregate-pay-merchant-application-dev.yml,DEFAULT_GROUP'}, BootstrapPropertySource {name='bootstrapProperties-aggregate-pay-merchant-application.yml,DEFAULT_GROUP'}, BootstrapPropertySource {name='bootstrapProperties-aggregate-pay-merchant-application,DEFAULT_GROUP'}, BootstrapPropertySource {name='bootstrapProperties-rocketMQ.yml,DEFAULT_GROUP'}, BootstrapPropertySource {name='bootstrapProperties-mysql.yml,DEFAULT_GROUP'}, BootstrapPropertySource {name='bootstrapProperties-redis.yml,DEFAULT_GROUP'}, BootstrapPropertySource {name='bootstrapProperties-common.yml,DEFAULT_GROUP'}]
2023-02-08 20:08:49.200  INFO 11804 --- [main] m.a.f.sms.VerificationFeignClientTest    : The following profiles are active: dev
2023-02-08 20:08:50.725  INFO 11804 --- [main] .s.d.r.c.RepositoryConfigurationDelegate : Multiple Spring Data modules found, entering strict repository configuration mode!
2023-02-08 20:08:50.728  INFO 11804 --- [main] .s.d.r.c.RepositoryConfigurationDelegate : Bootstrapping Spring Data Redis repositories in DEFAULT mode.
2023-02-08 20:08:50.756  INFO 11804 --- [main] .s.d.r.c.RepositoryConfigurationDelegate : Finished Spring Data repository scanning in 12ms. Found 0 Redis repository interfaces.
2023-02-08 20:08:50.820  WARN 11804 --- [main] o.s.boot.actuate.endpoint.EndpointId     : Endpoint ID 'service-registry' contains invalid characters, please migrate to a valid format.
2023-02-08 20:08:50.841  WARN 11804 --- [main] o.s.boot.actuate.endpoint.EndpointId     : Endpoint ID 'hystrix.stream' contains invalid characters, please migrate to a valid format.
2023-02-08 20:08:51.063  INFO 11804 --- [main] o.s.cloud.context.scope.GenericScope     : BeanFactory id=4779b0f4-021e-3804-8ba5-fde63b0cf7f0
2023-02-08 20:08:51.557  INFO 11804 --- [main] c.g.d.core.DozerBeanMapperBuilder        : Initializing Dozer. Version: 6.5.0, Thread Name: main
2023-02-08 20:08:51.559  INFO 11804 --- [main] c.g.dozermapper.core.util.RuntimeUtils   : OSGi support is false
2023-02-08 20:08:51.565  INFO 11804 --- [main] d.c.c.r.LegacyPropertiesSettingsResolver : Trying to find Dozer configuration file: dozer.properties
2023-02-08 20:08:51.567  INFO 11804 --- [main] d.c.c.r.LegacyPropertiesSettingsResolver : Failed to find dozer.properties via com.github.dozermapper.core.config.resolvers.LegacyPropertiesSettingsResolver.
2023-02-08 20:08:51.575  INFO 11804 --- [main] c.g.d.core.el.ELExpressionFactory        : javax.el support is true
2023-02-08 20:08:51.602  INFO 11804 --- [main] c.g.d.c.b.xml.BeanMappingXMLBuilder      : Using URL [file:/H:/程序/大四寒假/aggregate-pay/apps/pay/aggregate-pay-merchant-application/target/classes/dozer/global.dozer.xml] to load custom xml mappings
2023-02-08 20:08:52.158  INFO 11804 --- [main] c.g.d.c.b.xml.SchemaLSResourceResolver   : Trying to resolve XML entity with public ID [null] and system ID [http://dozermapper.github.io/schema/bean-mapping.xsd]
2023-02-08 20:08:52.161  INFO 11804 --- [main] c.g.d.c.b.xml.SchemaLSResourceResolver   : Resolved public ID [null] and system ID [http://dozermapper.github.io/schema/bean-mapping.xsd]
2023-02-08 20:08:52.225  INFO 11804 --- [main] c.g.d.c.b.xml.BeanMappingXMLBuilder      : Successfully loaded custom xml mapping.
2023-02-08 20:08:52.226  INFO 11804 --- [main] c.g.d.c.b.xml.BeanMappingXMLBuilder      : Using URL [file:/H:/程序/大四寒假/aggregate-pay/apps/pay/aggregate-pay-merchant-application/target/classes/dozer/biz.dozer.xml] to load custom xml mappings
2023-02-08 20:08:52.230  INFO 11804 --- [main] c.g.d.c.b.xml.SchemaLSResourceResolver   : Trying to resolve XML entity with public ID [null] and system ID [http://dozermapper.github.io/schema/bean-mapping.xsd]
2023-02-08 20:08:52.230  INFO 11804 --- [main] c.g.d.c.b.xml.SchemaLSResourceResolver   : Resolved public ID [null] and system ID [http://dozermapper.github.io/schema/bean-mapping.xsd]
2023-02-08 20:08:52.236  INFO 11804 --- [main] c.g.d.c.b.xml.BeanMappingXMLBuilder      : Successfully loaded custom xml mapping.
2023-02-08 20:08:52.256  INFO 11804 --- [main] m.t.config.DozerAutoConfiguration        : 初始化 DozerAutoConfiguration
2023-02-08 20:08:52.746  WARN 11804 --- [main] c.n.c.sources.URLConfigurationSource     : No URLs will be polled as dynamic configuration sources.
2023-02-08 20:08:52.746  INFO 11804 --- [main] c.n.c.sources.URLConfigurationSource     : To enable URLs as dynamic configuration sources, define System property archaius.configurationSource.additionalUrls or make config.properties available on classpath.
2023-02-08 20:08:52.766  INFO 11804 --- [main] c.netflix.config.DynamicPropertyFactory  : DynamicPropertyFactory is initialized with configuration sources: com.netflix.config.ConcurrentCompositeConfiguration@4866a755
2023-02-08 20:08:55.029  INFO 11804 --- [main] m.a.config.OptLogConfig                  : 初始化 OptLogConfig 操作日志配置类
2023-02-08 20:08:55.066  INFO 11804 --- [main] m.a.config.MerchantFeignConfig           : 初始化 MerchantFeignConfig
2023-02-08 20:08:55.069 DEBUG 11804 --- [main] m.a.config.MerchantFeignConfig           : feign AppFeignClientFallbackFactory
2023-02-08 20:08:55.114  INFO 11804 --- [main] m.a.config.TransactionFeignConfig        : 初始化 TransactionFeignConfig
2023-02-08 20:08:55.118 DEBUG 11804 --- [main] m.a.config.TransactionFeignConfig        : feign PlatformChannelFeignClientFallbackFactory
2023-02-08 20:08:55.218 DEBUG 11804 --- [main] m.a.config.MerchantFeignConfig           : feign MerchantFeignClientFallbackFactory
2023-02-08 20:08:55.234  INFO 11804 --- [main] m.a.service.Impl.FileServiceImpl         : 初始化 FileServiceImpl ， bucket：mao123456
2023-02-08 20:08:55.247 DEBUG 11804 --- [main] m.a.config.TransactionFeignConfig        : feign PayChannelFeignClientFallbackFactory
2023-02-08 20:08:55.262 DEBUG 11804 --- [main] m.a.config.TransactionFeignConfig        : feign PayChannelParamFeignClientFallbackFactory
2023-02-08 20:08:55.283 DEBUG 11804 --- [main] m.a.config.MerchantFeignConfig           : feign StaffFeignClientFallbackFactory
2023-02-08 20:08:56.387  INFO 11804 --- [main] com.alibaba.nacos.client.naming          : initializer namespace from System Property :null
2023-02-08 20:08:56.387  INFO 11804 --- [main] com.alibaba.nacos.client.naming          : initializer namespace from System Environment :null
2023-02-08 20:08:56.388  INFO 11804 --- [main] com.alibaba.nacos.client.naming          : initializer namespace from System Property :null
2023-02-08 20:08:56.794  INFO 11804 --- [main] o.s.b.a.e.web.EndpointLinksResolver      : Exposing 4 endpoint(s) beneath base path '/actuator'
2023-02-08 20:08:57.295  WARN 11804 --- [main] c.n.c.sources.URLConfigurationSource     : No URLs will be polled as dynamic configuration sources.
2023-02-08 20:08:57.295  INFO 11804 --- [main] c.n.c.sources.URLConfigurationSource     : To enable URLs as dynamic configuration sources, define System property archaius.configurationSource.additionalUrls or make config.properties available on classpath.
2023-02-08 20:08:57.436  INFO 11804 --- [main] m.tools_xss.config.XssAuthConfiguration  : 初始化 XssAuthConfiguration xss攻击配置
2023-02-08 20:08:57.628  INFO 11804 --- [main] o.s.s.concurrent.ThreadPoolTaskExecutor  : Initializing ExecutorService 'applicationTaskExecutor'
2023-02-08 20:08:57.809  INFO 11804 --- [main] o.s.s.c.ThreadPoolTaskScheduler          : Initializing ExecutorService 'Nacos-Watch-Task-Scheduler'
2023-02-08 20:08:57.873 DEBUG 11804 --- [main] m.a.config.MerchantFeignConfig           : feign StoreFeignClientFallbackFactory
2023-02-08 20:08:57.876 DEBUG 11804 --- [main] m.a.config.TransactionFeignConfig        : feign TransactionFeignClientFallbackFactory
2023-02-08 20:08:57.884  INFO 11804 --- [main] m.tools_log.config.LogAutoConfiguration  : 初始化 LogAutoConfiguration
2023-02-08 20:08:58.045  INFO 11804 --- [main] pertySourcedRequestMappingHandlerMapping : Mapped URL path [/v2/api-docs] onto method [springfox.documentation.swagger2.web.Swagger2Controller#getDocumentation(String, HttpServletRequest)]
2023-02-08 20:08:58.063  INFO 11804 --- [main] m.t.config.SwaggerAutoConfiguration      : 初始化swagger接口文档
2023-02-08 20:08:58.063  INFO 11804 --- [main] m.t.config.SwaggerAutoConfiguration      : 
title：在线文档
group：
description：在线文档
version：1.0
contact：Contact{name='', url='', email=''}
basePackage：
basePath：[]
excludePath：[]
docket：{aggregate_pay=DocketInfo{title='商户平台应用', group='', description='在线文档', version='1.0', contact=Contact{name='', url='', email=''}, basePackage='mao.aggregate_pay_merchant_application', basePath=[], excludePath=[]}}

2023-02-08 20:08:59.211  INFO 11804 --- [main] com.alibaba.nacos.client.naming          : new ips(3) service: DEFAULT_GROUP@@aggregate-pay-merchant-application@@DEFAULT -> [{"instanceId":"192.168.3.143#57010#DEFAULT#DEFAULT_GROUP@@aggregate-pay-merchant-application","ip":"192.168.3.143","port":57010,"weight":1.0,"healthy":true,"enabled":true,"ephemeral":false,"clusterName":"DEFAULT","serviceName":"DEFAULT_GROUP@@aggregate-pay-merchant-application","metadata":{"preserved.register.source":"SPRING_CLOUD","management.endpoints.web.base-path":"/actuator","management.context-path":"/merchant/actuator"},"ipDeleteTimeout":30000,"instanceHeartBeatTimeOut":15000,"instanceHeartBeatInterval":5000},{"instanceId":"192.168.3.143#57098#DEFAULT#DEFAULT_GROUP@@aggregate-pay-merchant-application","ip":"192.168.3.143","port":57098,"weight":1.0,"healthy":true,"enabled":true,"ephemeral":false,"clusterName":"DEFAULT","serviceName":"DEFAULT_GROUP@@aggregate-pay-merchant-application","metadata":{"preserved.register.source":"SPRING_CLOUD","management.endpoints.web.base-path":"/actuator","management.context-path":"/merchant/actuator"},"ipDeleteTimeout":30000,"instanceHeartBeatTimeOut":15000,"instanceHeartBeatInterval":5000},{"instanceId":"172.23.128.1#57010#DEFAULT#DEFAULT_GROUP@@aggregate-pay-merchant-application","ip":"172.23.128.1","port":57010,"weight":1.0,"healthy":true,"enabled":true,"ephemeral":false,"clusterName":"DEFAULT","serviceName":"DEFAULT_GROUP@@aggregate-pay-merchant-application","metadata":{"preserved.register.source":"SPRING_CLOUD","management.endpoints.web.base-path":"/actuator","management.context-path":"//actuator"},"ipDeleteTimeout":30000,"instanceHeartBeatTimeOut":15000,"instanceHeartBeatInterval":5000}]
2023-02-08 20:08:59.224  INFO 11804 --- [main] com.alibaba.nacos.client.naming          : current ips:(3) service: DEFAULT_GROUP@@aggregate-pay-merchant-application@@DEFAULT -> [{"instanceId":"172.23.128.1#57010#DEFAULT#DEFAULT_GROUP@@aggregate-pay-merchant-application","ip":"172.23.128.1","port":57010,"weight":1.0,"healthy":true,"enabled":true,"ephemeral":false,"clusterName":"DEFAULT","serviceName":"DEFAULT_GROUP@@aggregate-pay-merchant-application","metadata":{"preserved.register.source":"SPRING_CLOUD","management.endpoints.web.base-path":"/actuator","management.context-path":"//actuator"},"ipDeleteTimeout":30000,"instanceHeartBeatTimeOut":15000,"instanceHeartBeatInterval":5000},{"instanceId":"192.168.3.143#57098#DEFAULT#DEFAULT_GROUP@@aggregate-pay-merchant-application","ip":"192.168.3.143","port":57098,"weight":1.0,"healthy":true,"enabled":true,"ephemeral":false,"clusterName":"DEFAULT","serviceName":"DEFAULT_GROUP@@aggregate-pay-merchant-application","metadata":{"preserved.register.source":"SPRING_CLOUD","management.endpoints.web.base-path":"/actuator","management.context-path":"/merchant/actuator"},"ipDeleteTimeout":30000,"instanceHeartBeatTimeOut":15000,"instanceHeartBeatInterval":5000},{"instanceId":"192.168.3.143#57010#DEFAULT#DEFAULT_GROUP@@aggregate-pay-merchant-application","ip":"192.168.3.143","port":57010,"weight":1.0,"healthy":true,"enabled":true,"ephemeral":false,"clusterName":"DEFAULT","serviceName":"DEFAULT_GROUP@@aggregate-pay-merchant-application","metadata":{"preserved.register.source":"SPRING_CLOUD","management.endpoints.web.base-path":"/actuator","management.context-path":"/merchant/actuator"},"ipDeleteTimeout":30000,"instanceHeartBeatTimeOut":15000,"instanceHeartBeatInterval":5000}]
2023-02-08 20:08:59.227  INFO 11804 --- [main] d.s.w.p.DocumentationPluginsBootstrapper : Context refreshed
2023-02-08 20:08:59.279  INFO 11804 --- [main] d.s.w.p.DocumentationPluginsBootstrapper : Found 1 custom documentation plugin(s)
2023-02-08 20:08:59.338  INFO 11804 --- [main] s.d.s.w.s.ApiListingReferenceScanner     : Scanning for api listing references
2023-02-08 20:08:59.590  INFO 11804 --- [main] .d.s.w.r.o.CachingOperationNameGenerator : Generating unique operation named: queryPayChannelParamUsingGET_1
2023-02-08 20:08:59.693  INFO 11804 --- [main] m.a.f.sms.VerificationFeignClientTest    : Started VerificationFeignClientTest in 12.233 seconds (JVM running for 16.607)
2023-02-08 20:08:59.742  INFO 11804 --- [main] c.a.n.client.config.impl.ClientWorker    : [fixed-127.0.0.1_8848-51637975-182d-43e2-ab58-d012723411d5] [subscribe] aggregate-pay-merchant-application+DEFAULT_GROUP+51637975-182d-43e2-ab58-d012723411d5
2023-02-08 20:08:59.743  INFO 11804 --- [main] c.a.nacos.client.config.impl.CacheData   : [fixed-127.0.0.1_8848-51637975-182d-43e2-ab58-d012723411d5] [add-listener] ok, tenant=51637975-182d-43e2-ab58-d012723411d5, dataId=aggregate-pay-merchant-application, group=DEFAULT_GROUP, cnt=1
2023-02-08 20:08:59.745  INFO 11804 --- [main] c.a.n.client.config.impl.ClientWorker    : [fixed-127.0.0.1_8848-51637975-182d-43e2-ab58-d012723411d5] [subscribe] common.yml+DEFAULT_GROUP+51637975-182d-43e2-ab58-d012723411d5
2023-02-08 20:08:59.745  INFO 11804 --- [main] c.a.nacos.client.config.impl.CacheData   : [fixed-127.0.0.1_8848-51637975-182d-43e2-ab58-d012723411d5] [add-listener] ok, tenant=51637975-182d-43e2-ab58-d012723411d5, dataId=common.yml, group=DEFAULT_GROUP, cnt=1
2023-02-08 20:08:59.755  INFO 11804 --- [main] c.a.n.client.config.impl.ClientWorker    : [fixed-127.0.0.1_8848-51637975-182d-43e2-ab58-d012723411d5] [subscribe] aggregate-pay-merchant-application.yml+DEFAULT_GROUP+51637975-182d-43e2-ab58-d012723411d5
2023-02-08 20:08:59.755  INFO 11804 --- [main] c.a.nacos.client.config.impl.CacheData   : [fixed-127.0.0.1_8848-51637975-182d-43e2-ab58-d012723411d5] [add-listener] ok, tenant=51637975-182d-43e2-ab58-d012723411d5, dataId=aggregate-pay-merchant-application.yml, group=DEFAULT_GROUP, cnt=1
2023-02-08 20:08:59.764  INFO 11804 --- [main] c.a.n.client.config.impl.ClientWorker    : [fixed-127.0.0.1_8848-51637975-182d-43e2-ab58-d012723411d5] [subscribe] aggregate-pay-merchant-application-dev.yml+DEFAULT_GROUP+51637975-182d-43e2-ab58-d012723411d5
2023-02-08 20:08:59.764  INFO 11804 --- [main] c.a.nacos.client.config.impl.CacheData   : [fixed-127.0.0.1_8848-51637975-182d-43e2-ab58-d012723411d5] [add-listener] ok, tenant=51637975-182d-43e2-ab58-d012723411d5, dataId=aggregate-pay-merchant-application-dev.yml, group=DEFAULT_GROUP, cnt=1
2023-02-08 20:09:00.012 DEBUG 11804 --- [hystrix-HystrixCircuitBreakerFactory-1] m.a.feign.sms.VerificationFeignClient    : [VerificationFeignClient#verify] ---> POST http://aggregate-pay-sms/verify?name=sms&verificationKey=sms%3Acfe3e1fdf1b348cf986a2d612bcae497&verificationCode=941665 HTTP/1.1
2023-02-08 20:09:00.013 DEBUG 11804 --- [hystrix-HystrixCircuitBreakerFactory-1] m.a.feign.sms.VerificationFeignClient    : [VerificationFeignClient#verify] Accept-Encoding: gzip
2023-02-08 20:09:00.014 DEBUG 11804 --- [hystrix-HystrixCircuitBreakerFactory-1] m.a.feign.sms.VerificationFeignClient    : [VerificationFeignClient#verify] Accept-Encoding: deflate
2023-02-08 20:09:00.014 DEBUG 11804 --- [hystrix-HystrixCircuitBreakerFactory-1] m.a.feign.sms.VerificationFeignClient    : [VerificationFeignClient#verify] ---> END HTTP (0-byte body)
2023-02-08 20:09:00.175  INFO 11804 --- [hystrix-HystrixCircuitBreakerFactory-1] c.netflix.config.ChainedDynamicProperty  : Flipping property: aggregate-pay-sms.ribbon.ActiveConnectionsLimit to use NEXT property: niws.loadbalancer.availabilityFilteringRule.activeConnectionsLimit = 2147483647
2023-02-08 20:09:00.194  INFO 11804 --- [hystrix-HystrixCircuitBreakerFactory-1] c.netflix.loadbalancer.BaseLoadBalancer  : Client: aggregate-pay-sms instantiated a LoadBalancer: DynamicServerListLoadBalancer:{NFLoadBalancer:name=aggregate-pay-sms,current list of Servers=[],Load balancer stats=Zone stats: {},Server stats: []}ServerList:null
2023-02-08 20:09:00.201  INFO 11804 --- [hystrix-HystrixCircuitBreakerFactory-1] c.n.l.DynamicServerListLoadBalancer      : Using serverListUpdater PollingServerListUpdater
2023-02-08 20:09:00.212  INFO 11804 --- [hystrix-HystrixCircuitBreakerFactory-1] com.alibaba.nacos.client.naming          : new ips(2) service: DEFAULT_GROUP@@aggregate-pay-sms -> [{"instanceId":"192.168.3.143#35478#DEFAULT#DEFAULT_GROUP@@aggregate-pay-sms","ip":"192.168.3.143","port":35478,"weight":1.0,"healthy":true,"enabled":true,"ephemeral":false,"clusterName":"DEFAULT","serviceName":"DEFAULT_GROUP@@aggregate-pay-sms","metadata":{"preserved.register.source":"SPRING_CLOUD","management.endpoints.web.base-path":"/actuator","management.context-path":"/actuator"},"ipDeleteTimeout":30000,"instanceHeartBeatTimeOut":15000,"instanceHeartBeatInterval":5000},{"instanceId":"192.168.3.143#45739#DEFAULT#DEFAULT_GROUP@@aggregate-pay-sms","ip":"192.168.3.143","port":45739,"weight":1.0,"healthy":true,"enabled":true,"ephemeral":false,"clusterName":"DEFAULT","serviceName":"DEFAULT_GROUP@@aggregate-pay-sms","metadata":{"preserved.register.source":"SPRING_CLOUD","management.endpoints.web.base-path":"/actuator","management.context-path":"/actuator"},"ipDeleteTimeout":30000,"instanceHeartBeatTimeOut":15000,"instanceHeartBeatInterval":5000}]
2023-02-08 20:09:00.218  INFO 11804 --- [hystrix-HystrixCircuitBreakerFactory-1] com.alibaba.nacos.client.naming          : current ips:(2) service: DEFAULT_GROUP@@aggregate-pay-sms -> [{"instanceId":"192.168.3.143#35478#DEFAULT#DEFAULT_GROUP@@aggregate-pay-sms","ip":"192.168.3.143","port":35478,"weight":1.0,"healthy":true,"enabled":true,"ephemeral":false,"clusterName":"DEFAULT","serviceName":"DEFAULT_GROUP@@aggregate-pay-sms","metadata":{"preserved.register.source":"SPRING_CLOUD","management.endpoints.web.base-path":"/actuator","management.context-path":"/actuator"},"ipDeleteTimeout":30000,"instanceHeartBeatTimeOut":15000,"instanceHeartBeatInterval":5000},{"instanceId":"192.168.3.143#45739#DEFAULT#DEFAULT_GROUP@@aggregate-pay-sms","ip":"192.168.3.143","port":45739,"weight":1.0,"healthy":true,"enabled":true,"ephemeral":false,"clusterName":"DEFAULT","serviceName":"DEFAULT_GROUP@@aggregate-pay-sms","metadata":{"preserved.register.source":"SPRING_CLOUD","management.endpoints.web.base-path":"/actuator","management.context-path":"/actuator"},"ipDeleteTimeout":30000,"instanceHeartBeatTimeOut":15000,"instanceHeartBeatInterval":5000}]
2023-02-08 20:09:00.229  INFO 11804 --- [hystrix-HystrixCircuitBreakerFactory-1] c.netflix.config.ChainedDynamicProperty  : Flipping property: aggregate-pay-sms.ribbon.ActiveConnectionsLimit to use NEXT property: niws.loadbalancer.availabilityFilteringRule.activeConnectionsLimit = 2147483647
2023-02-08 20:09:00.231  INFO 11804 --- [hystrix-HystrixCircuitBreakerFactory-1] c.n.l.DynamicServerListLoadBalancer      : DynamicServerListLoadBalancer for client aggregate-pay-sms initialized: DynamicServerListLoadBalancer:{NFLoadBalancer:name=aggregate-pay-sms,current list of Servers=[192.168.3.143:35478, 192.168.3.143:45739],Load balancer stats=Zone stats: {unknown=[Zone:unknown;	Instance count:2;	Active connections count: 0;	Circuit breaker tripped count: 0;	Active connections per server: 0.0;]
},Server stats: [[Server:192.168.3.143:45739;	Zone:UNKNOWN;	Total Requests:0;	Successive connection failure:0;	Total blackout seconds:0;	Last connection made:Thu Jan 01 08:00:00 CST 1970;	First connection made: Thu Jan 01 08:00:00 CST 1970;	Active Connections:0;	total failure count in last (1000) msecs:0;	average resp time:0.0;	90 percentile resp time:0.0;	95 percentile resp time:0.0;	min resp time:0.0;	max resp time:0.0;	stddev resp time:0.0]
, [Server:192.168.3.143:35478;	Zone:UNKNOWN;	Total Requests:0;	Successive connection failure:0;	Total blackout seconds:0;	Last connection made:Thu Jan 01 08:00:00 CST 1970;	First connection made: Thu Jan 01 08:00:00 CST 1970;	Active Connections:0;	total failure count in last (1000) msecs:0;	average resp time:0.0;	90 percentile resp time:0.0;	95 percentile resp time:0.0;	min resp time:0.0;	max resp time:0.0;	stddev resp time:0.0]
]}ServerList:com.alibaba.cloud.nacos.ribbon.NacosServerList@423d497a
2023-02-08 20:09:01.222  INFO 11804 --- [PollingServerListUpdater-0] c.netflix.config.ChainedDynamicProperty  : Flipping property: aggregate-pay-sms.ribbon.ActiveConnectionsLimit to use NEXT property: niws.loadbalancer.availabilityFilteringRule.activeConnectionsLimit = 2147483647
2023-02-08 20:09:02.365 DEBUG 11804 --- [hystrix-HystrixCircuitBreakerFactory-1] m.a.feign.sms.VerificationFeignClient    : [VerificationFeignClient#verify] <--- ERROR HttpHostConnectException: Connect to 192.168.3.143:35478 [/192.168.3.143] failed: Connection refused: connect (2350ms)
2023-02-08 20:09:02.402 DEBUG 11804 --- [hystrix-HystrixCircuitBreakerFactory-2] m.a.feign.sms.VerificationFeignClient    : [VerificationFeignClient#generateVerificationInfo] ---> POST http://aggregate-pay-sms/generate?name=sms&effectiveTime=600 HTTP/1.1
2023-02-08 20:09:02.403 DEBUG 11804 --- [hystrix-HystrixCircuitBreakerFactory-2] m.a.feign.sms.VerificationFeignClient    : [VerificationFeignClient#generateVerificationInfo] Accept-Encoding: gzip
2023-02-08 20:09:02.403 DEBUG 11804 --- [hystrix-HystrixCircuitBreakerFactory-2] m.a.feign.sms.VerificationFeignClient    : [VerificationFeignClient#generateVerificationInfo] Accept-Encoding: deflate
2023-02-08 20:09:02.403 DEBUG 11804 --- [hystrix-HystrixCircuitBreakerFactory-2] m.a.feign.sms.VerificationFeignClient    : [VerificationFeignClient#generateVerificationInfo] Content-Length: 24
2023-02-08 20:09:02.403 DEBUG 11804 --- [hystrix-HystrixCircuitBreakerFactory-2] m.a.feign.sms.VerificationFeignClient    : [VerificationFeignClient#generateVerificationInfo] Content-Type: application/json
2023-02-08 20:09:02.403 DEBUG 11804 --- [hystrix-HystrixCircuitBreakerFactory-2] m.a.feign.sms.VerificationFeignClient    : [VerificationFeignClient#generateVerificationInfo] ---> END HTTP (24-byte body)
2023-02-08 20:09:04.452 DEBUG 11804 --- [hystrix-HystrixCircuitBreakerFactory-2] m.a.feign.sms.VerificationFeignClient    : [VerificationFeignClient#generateVerificationInfo] <--- ERROR HttpHostConnectException: Connect to 192.168.3.143:45739 [/192.168.3.143] failed: Connection refused: connect (2049ms)
2023-02-08 20:09:04.470  INFO 11804 --- [main] o.s.t.c.s.DefaultTestContextBootstrapper : Loaded default TestExecutionListener class names from location [META-INF/spring.factories]: [org.springframework.boot.test.mock.mockito.MockitoTestExecutionListener, org.springframework.boot.test.mock.mockito.ResetMocksTestExecutionListener, org.springframework.boot.test.autoconfigure.restdocs.RestDocsTestExecutionListener, org.springframework.boot.test.autoconfigure.web.client.MockRestServiceServerResetTestExecutionListener, org.springframework.boot.test.autoconfigure.web.servlet.MockMvcPrintOnlyOnFailureTestExecutionListener, org.springframework.boot.test.autoconfigure.web.servlet.WebDriverTestExecutionListener, org.springframework.test.context.web.ServletTestExecutionListener, org.springframework.test.context.support.DirtiesContextBeforeModesTestExecutionListener, org.springframework.test.context.support.DependencyInjectionTestExecutionListener, org.springframework.test.context.support.DirtiesContextTestExecutionListener, org.springframework.test.context.transaction.TransactionalTestExecutionListener, org.springframework.test.context.jdbc.SqlScriptsTestExecutionListener, org.springframework.test.context.event.EventPublishingTestExecutionListener]
2023-02-08 20:09:04.470  INFO 11804 --- [main] o.s.t.c.s.DefaultTestContextBootstrapper : Using TestExecutionListeners: [org.springframework.test.context.web.ServletTestExecutionListener@2aec09a3, org.springframework.test.context.support.DirtiesContextBeforeModesTestExecutionListener@79864d6, org.springframework.boot.test.mock.mockito.MockitoTestExecutionListener@472d7f34, org.springframework.test.context.support.DependencyInjectionTestExecutionListener@2da7ef3e, org.springframework.test.context.support.DirtiesContextTestExecutionListener@67cc5a38, org.springframework.test.context.transaction.TransactionalTestExecutionListener@23b62cc3, org.springframework.test.context.jdbc.SqlScriptsTestExecutionListener@f4e235e, org.springframework.test.context.event.EventPublishingTestExecutionListener@1d82e396, org.springframework.boot.test.mock.mockito.ResetMocksTestExecutionListener@181a6784, org.springframework.boot.test.autoconfigure.restdocs.RestDocsTestExecutionListener@a589070, org.springframework.boot.test.autoconfigure.web.client.MockRestServiceServerResetTestExecutionListener@747216b6, org.springframework.boot.test.autoconfigure.web.servlet.MockMvcPrintOnlyOnFailureTestExecutionListener@7ee6d5fd, org.springframework.boot.test.autoconfigure.web.servlet.WebDriverTestExecutionListener@358bbbe2]
2023-02-08 20:09:04.522  INFO 11804 --- [main] o.s.mock.web.MockServletContext          : Initializing Spring TestDispatcherServlet ''
2023-02-08 20:09:04.522  INFO 11804 --- [main] o.s.t.web.servlet.TestDispatcherServlet  : Initializing Servlet ''
2023-02-08 20:09:04.522  INFO 11804 --- [main] o.s.t.web.servlet.TestDispatcherServlet  : Completed initialization in 0 ms
2023-02-08 20:09:04.548  INFO 11804 --- [main] o.s.mock.web.MockServletContext          : Initializing Spring TestDispatcherServlet ''
2023-02-08 20:09:04.548  INFO 11804 --- [main] o.s.t.web.servlet.TestDispatcherServlet  : Initializing Servlet ''
2023-02-08 20:09:04.548  INFO 11804 --- [main] o.s.t.web.servlet.TestDispatcherServlet  : Completed initialization in 0 ms
2023-02-08 20:09:04.549  WARN 11804 --- [main] o.s.web.util.UrlPathHelper               : Could not decode request string [] with encoding 'Encoding': falling back to platform default encoding; exception message: Encoding
2023-02-08 20:09:04.550  WARN 11804 --- [main] o.s.web.util.UrlPathHelper               : Could not decode request string [/my/apps] with encoding 'Encoding': falling back to platform default encoding; exception message: Encoding
2023-02-08 20:09:04.552  WARN 11804 --- [main] .w.s.m.s.DefaultHandlerExceptionResolver : Resolved [org.springframework.web.HttpMediaTypeNotSupportedException: Invalid mime type "application/json;charset=Encoding": unsupported charset 'Encoding']
2023-02-08 20:09:04.573  INFO 11804 --- [main] o.s.mock.web.MockServletContext          : Initializing Spring TestDispatcherServlet ''
2023-02-08 20:09:04.573  INFO 11804 --- [main] o.s.t.web.servlet.TestDispatcherServlet  : Initializing Servlet ''
2023-02-08 20:09:04.573  INFO 11804 --- [main] o.s.t.web.servlet.TestDispatcherServlet  : Completed initialization in 0 ms
2023-02-08 20:09:04.579  INFO 11804 --- [main] o.s.t.c.s.DefaultTestContextBootstrapper : Loaded default TestExecutionListener class names from location [META-INF/spring.factories]: [org.springframework.boot.test.mock.mockito.MockitoTestExecutionListener, org.springframework.boot.test.mock.mockito.ResetMocksTestExecutionListener, org.springframework.boot.test.autoconfigure.restdocs.RestDocsTestExecutionListener, org.springframework.boot.test.autoconfigure.web.client.MockRestServiceServerResetTestExecutionListener, org.springframework.boot.test.autoconfigure.web.servlet.MockMvcPrintOnlyOnFailureTestExecutionListener, org.springframework.boot.test.autoconfigure.web.servlet.WebDriverTestExecutionListener, org.springframework.test.context.web.ServletTestExecutionListener, org.springframework.test.context.support.DirtiesContextBeforeModesTestExecutionListener, org.springframework.test.context.support.DependencyInjectionTestExecutionListener, org.springframework.test.context.support.DirtiesContextTestExecutionListener, org.springframework.test.context.transaction.TransactionalTestExecutionListener, org.springframework.test.context.jdbc.SqlScriptsTestExecutionListener, org.springframework.test.context.event.EventPublishingTestExecutionListener]
2023-02-08 20:09:04.579  INFO 11804 --- [main] o.s.t.c.s.DefaultTestContextBootstrapper : Using TestExecutionListeners: [org.springframework.test.context.web.ServletTestExecutionListener@4be171d1, org.springframework.test.context.support.DirtiesContextBeforeModesTestExecutionListener@76afb9d, org.springframework.boot.test.mock.mockito.MockitoTestExecutionListener@17c0d43c, org.springframework.test.context.support.DependencyInjectionTestExecutionListener@77c8b276, org.springframework.test.context.support.DirtiesContextTestExecutionListener@37672aa7, org.springframework.test.context.transaction.TransactionalTestExecutionListener@670199c5, org.springframework.test.context.jdbc.SqlScriptsTestExecutionListener@7671c02d, org.springframework.test.context.event.EventPublishingTestExecutionListener@44189797, org.springframework.boot.test.mock.mockito.ResetMocksTestExecutionListener@4aa4bfa1, org.springframework.boot.test.autoconfigure.restdocs.RestDocsTestExecutionListener@2100d881, org.springframework.boot.test.autoconfigure.web.client.MockRestServiceServerResetTestExecutionListener@59881424, org.springframework.boot.test.autoconfigure.web.servlet.MockMvcPrintOnlyOnFailureTestExecutionListener@59ac94ad, org.springframework.boot.test.autoconfigure.web.servlet.WebDriverTestExecutionListener@361a618e]
2023-02-08 20:09:04.757  INFO 11804 --- [main] .b.t.c.SpringBootTestContextBootstrapper : Neither @ContextConfiguration nor @ContextHierarchy found for test class [mao.aggregate_pay_merchant_application.feign.log.OptLogFeignClientTest], using SpringBootContextLoader
2023-02-08 20:09:04.758  INFO 11804 --- [main] o.s.t.c.support.AbstractContextLoader    : Could not detect default resource locations for test class [mao.aggregate_pay_merchant_application.feign.log.OptLogFeignClientTest]: no resource found for suffixes {-context.xml, Context.groovy}.
2023-02-08 20:09:04.759  INFO 11804 --- [main] t.c.s.AnnotationConfigContextLoaderUtils : Could not detect default configuration classes for test class [mao.aggregate_pay_merchant_application.feign.log.OptLogFeignClientTest]: OptLogFeignClientTest does not declare any static, non-private, non-final, nested classes annotated with @Configuration.
2023-02-08 20:09:04.766  INFO 11804 --- [main] .b.t.c.SpringBootTestContextBootstrapper : Found @SpringBootConfiguration mao.aggregate_pay_merchant_application.AggregatePayMerchantApplication for test class mao.aggregate_pay_merchant_application.feign.log.OptLogFeignClientTest
2023-02-08 20:09:04.770  INFO 11804 --- [main] .b.t.c.SpringBootTestContextBootstrapper : Loaded default TestExecutionListener class names from location [META-INF/spring.factories]: [org.springframework.boot.test.mock.mockito.MockitoTestExecutionListener, org.springframework.boot.test.mock.mockito.ResetMocksTestExecutionListener, org.springframework.boot.test.autoconfigure.restdocs.RestDocsTestExecutionListener, org.springframework.boot.test.autoconfigure.web.client.MockRestServiceServerResetTestExecutionListener, org.springframework.boot.test.autoconfigure.web.servlet.MockMvcPrintOnlyOnFailureTestExecutionListener, org.springframework.boot.test.autoconfigure.web.servlet.WebDriverTestExecutionListener, org.springframework.test.context.web.ServletTestExecutionListener, org.springframework.test.context.support.DirtiesContextBeforeModesTestExecutionListener, org.springframework.test.context.support.DependencyInjectionTestExecutionListener, org.springframework.test.context.support.DirtiesContextTestExecutionListener, org.springframework.test.context.transaction.TransactionalTestExecutionListener, org.springframework.test.context.jdbc.SqlScriptsTestExecutionListener, org.springframework.test.context.event.EventPublishingTestExecutionListener]
2023-02-08 20:09:04.771  INFO 11804 --- [main] .b.t.c.SpringBootTestContextBootstrapper : Using TestExecutionListeners: [org.springframework.test.context.web.ServletTestExecutionListener@40f7fb45, org.springframework.test.context.support.DirtiesContextBeforeModesTestExecutionListener@4c3c1963, org.springframework.boot.test.mock.mockito.MockitoTestExecutionListener@4eb0ed44, org.springframework.boot.test.autoconfigure.SpringBootDependencyInjectionTestExecutionListener@188caeaf, org.springframework.test.context.support.DirtiesContextTestExecutionListener@67de5328, org.springframework.test.context.transaction.TransactionalTestExecutionListener@4b05a9b1, org.springframework.test.context.jdbc.SqlScriptsTestExecutionListener@296b758, org.springframework.test.context.event.EventPublishingTestExecutionListener@7f129873, org.springframework.boot.test.mock.mockito.ResetMocksTestExecutionListener@6ac0c3aa, org.springframework.boot.test.autoconfigure.restdocs.RestDocsTestExecutionListener@ceeb762, org.springframework.boot.test.autoconfigure.web.client.MockRestServiceServerResetTestExecutionListener@3b75fdd0, org.springframework.boot.test.autoconfigure.web.servlet.MockMvcPrintOnlyOnFailureTestExecutionListener@504f2bcd, org.springframework.boot.test.autoconfigure.web.servlet.WebDriverTestExecutionListener@3c7e7ffd]
2023-02-08 20:09:04.790 DEBUG 11804 --- [hystrix-HystrixCircuitBreakerFactory-3] m.a.feign.log.OptLogFeignClient          : [OptLogFeignClient#get] ---> GET http://aggregate-pay-log/log/opt/125955377232609313 HTTP/1.1
2023-02-08 20:09:04.790 DEBUG 11804 --- [hystrix-HystrixCircuitBreakerFactory-3] m.a.feign.log.OptLogFeignClient          : [OptLogFeignClient#get] Accept-Encoding: gzip
2023-02-08 20:09:04.790 DEBUG 11804 --- [hystrix-HystrixCircuitBreakerFactory-3] m.a.feign.log.OptLogFeignClient          : [OptLogFeignClient#get] Accept-Encoding: deflate
2023-02-08 20:09:04.790 DEBUG 11804 --- [hystrix-HystrixCircuitBreakerFactory-3] m.a.feign.log.OptLogFeignClient          : [OptLogFeignClient#get] ---> END HTTP (0-byte body)
2023-02-08 20:09:04.817  INFO 11804 --- [hystrix-HystrixCircuitBreakerFactory-3] c.netflix.config.ChainedDynamicProperty  : Flipping property: aggregate-pay-log.ribbon.ActiveConnectionsLimit to use NEXT property: niws.loadbalancer.availabilityFilteringRule.activeConnectionsLimit = 2147483647
2023-02-08 20:09:04.818  INFO 11804 --- [hystrix-HystrixCircuitBreakerFactory-3] c.netflix.loadbalancer.BaseLoadBalancer  : Client: aggregate-pay-log instantiated a LoadBalancer: DynamicServerListLoadBalancer:{NFLoadBalancer:name=aggregate-pay-log,current list of Servers=[],Load balancer stats=Zone stats: {},Server stats: []}ServerList:null
2023-02-08 20:09:04.820  INFO 11804 --- [hystrix-HystrixCircuitBreakerFactory-3] c.n.l.DynamicServerListLoadBalancer      : Using serverListUpdater PollingServerListUpdater
2023-02-08 20:09:04.825  INFO 11804 --- [hystrix-HystrixCircuitBreakerFactory-3] com.alibaba.nacos.client.naming          : new ips(1) service: DEFAULT_GROUP@@aggregate-pay-log -> [{"instanceId":"192.168.3.143#27914#DEFAULT#DEFAULT_GROUP@@aggregate-pay-log","ip":"192.168.3.143","port":27914,"weight":1.0,"healthy":true,"enabled":true,"ephemeral":false,"clusterName":"DEFAULT","serviceName":"DEFAULT_GROUP@@aggregate-pay-log","metadata":{"preserved.register.source":"SPRING_CLOUD","management.endpoints.web.base-path":"/actuator","management.context-path":"//actuator"},"ipDeleteTimeout":30000,"instanceHeartBeatTimeOut":15000,"instanceHeartBeatInterval":5000}]
2023-02-08 20:09:04.832  INFO 11804 --- [hystrix-HystrixCircuitBreakerFactory-3] com.alibaba.nacos.client.naming          : current ips:(1) service: DEFAULT_GROUP@@aggregate-pay-log -> [{"instanceId":"192.168.3.143#27914#DEFAULT#DEFAULT_GROUP@@aggregate-pay-log","ip":"192.168.3.143","port":27914,"weight":1.0,"healthy":true,"enabled":true,"ephemeral":false,"clusterName":"DEFAULT","serviceName":"DEFAULT_GROUP@@aggregate-pay-log","metadata":{"preserved.register.source":"SPRING_CLOUD","management.endpoints.web.base-path":"/actuator","management.context-path":"//actuator"},"ipDeleteTimeout":30000,"instanceHeartBeatTimeOut":15000,"instanceHeartBeatInterval":5000}]
2023-02-08 20:09:04.834  INFO 11804 --- [hystrix-HystrixCircuitBreakerFactory-3] c.netflix.config.ChainedDynamicProperty  : Flipping property: aggregate-pay-log.ribbon.ActiveConnectionsLimit to use NEXT property: niws.loadbalancer.availabilityFilteringRule.activeConnectionsLimit = 2147483647
2023-02-08 20:09:04.835  INFO 11804 --- [hystrix-HystrixCircuitBreakerFactory-3] c.n.l.DynamicServerListLoadBalancer      : DynamicServerListLoadBalancer for client aggregate-pay-log initialized: DynamicServerListLoadBalancer:{NFLoadBalancer:name=aggregate-pay-log,current list of Servers=[192.168.3.143:27914],Load balancer stats=Zone stats: {unknown=[Zone:unknown;	Instance count:1;	Active connections count: 0;	Circuit breaker tripped count: 0;	Active connections per server: 0.0;]
},Server stats: [[Server:192.168.3.143:27914;	Zone:UNKNOWN;	Total Requests:0;	Successive connection failure:0;	Total blackout seconds:0;	Last connection made:Thu Jan 01 08:00:00 CST 1970;	First connection made: Thu Jan 01 08:00:00 CST 1970;	Active Connections:0;	total failure count in last (1000) msecs:0;	average resp time:0.0;	90 percentile resp time:0.0;	95 percentile resp time:0.0;	min resp time:0.0;	max resp time:0.0;	stddev resp time:0.0]
]}ServerList:com.alibaba.cloud.nacos.ribbon.NacosServerList@34bf31fa
2023-02-08 20:09:05.822  INFO 11804 --- [PollingServerListUpdater-0] c.netflix.config.ChainedDynamicProperty  : Flipping property: aggregate-pay-log.ribbon.ActiveConnectionsLimit to use NEXT property: niws.loadbalancer.availabilityFilteringRule.activeConnectionsLimit = 2147483647
2023-02-08 20:09:06.895 DEBUG 11804 --- [hystrix-HystrixCircuitBreakerFactory-3] m.a.feign.log.OptLogFeignClient          : [OptLogFeignClient#get] <--- ERROR HttpHostConnectException: Connect to 192.168.3.143:27914 [/192.168.3.143] failed: Connection refused: connect (2104ms)
2023-02-08 20:09:06.910 DEBUG 11804 --- [hystrix-HystrixCircuitBreakerFactory-4] m.a.feign.log.OptLogFeignClient          : [OptLogFeignClient#page] ---> GET http://aggregate-pay-log/log/opt/page?current=1&size=20 HTTP/1.1
2023-02-08 20:09:06.910 DEBUG 11804 --- [hystrix-HystrixCircuitBreakerFactory-4] m.a.feign.log.OptLogFeignClient          : [OptLogFeignClient#page] Accept-Encoding: gzip
2023-02-08 20:09:06.910 DEBUG 11804 --- [hystrix-HystrixCircuitBreakerFactory-4] m.a.feign.log.OptLogFeignClient          : [OptLogFeignClient#page] Accept-Encoding: deflate
2023-02-08 20:09:06.910 DEBUG 11804 --- [hystrix-HystrixCircuitBreakerFactory-4] m.a.feign.log.OptLogFeignClient          : [OptLogFeignClient#page] ---> END HTTP (0-byte body)
2023-02-08 20:09:08.943 DEBUG 11804 --- [hystrix-HystrixCircuitBreakerFactory-4] m.a.feign.log.OptLogFeignClient          : [OptLogFeignClient#page] <--- ERROR HttpHostConnectException: Connect to 192.168.3.143:27914 [/192.168.3.143] failed: Connection refused: connect (2033ms)
2023-02-08 20:09:08.959  INFO 11804 --- [main] .b.t.c.SpringBootTestContextBootstrapper : Neither @ContextConfiguration nor @ContextHierarchy found for test class [mao.aggregate_pay_merchant_application.AggregatePayMerchantApplicationTests], using SpringBootContextLoader
2023-02-08 20:09:08.961  INFO 11804 --- [main] o.s.t.c.support.AbstractContextLoader    : Could not detect default resource locations for test class [mao.aggregate_pay_merchant_application.AggregatePayMerchantApplicationTests]: no resource found for suffixes {-context.xml, Context.groovy}.
2023-02-08 20:09:08.961  INFO 11804 --- [main] t.c.s.AnnotationConfigContextLoaderUtils : Could not detect default configuration classes for test class [mao.aggregate_pay_merchant_application.AggregatePayMerchantApplicationTests]: AggregatePayMerchantApplicationTests does not declare any static, non-private, non-final, nested classes annotated with @Configuration.
2023-02-08 20:09:08.965  INFO 11804 --- [main] .b.t.c.SpringBootTestContextBootstrapper : Found @SpringBootConfiguration mao.aggregate_pay_merchant_application.AggregatePayMerchantApplication for test class mao.aggregate_pay_merchant_application.AggregatePayMerchantApplicationTests
2023-02-08 20:09:08.968  INFO 11804 --- [main] .b.t.c.SpringBootTestContextBootstrapper : Loaded default TestExecutionListener class names from location [META-INF/spring.factories]: [org.springframework.boot.test.mock.mockito.MockitoTestExecutionListener, org.springframework.boot.test.mock.mockito.ResetMocksTestExecutionListener, org.springframework.boot.test.autoconfigure.restdocs.RestDocsTestExecutionListener, org.springframework.boot.test.autoconfigure.web.client.MockRestServiceServerResetTestExecutionListener, org.springframework.boot.test.autoconfigure.web.servlet.MockMvcPrintOnlyOnFailureTestExecutionListener, org.springframework.boot.test.autoconfigure.web.servlet.WebDriverTestExecutionListener, org.springframework.test.context.web.ServletTestExecutionListener, org.springframework.test.context.support.DirtiesContextBeforeModesTestExecutionListener, org.springframework.test.context.support.DependencyInjectionTestExecutionListener, org.springframework.test.context.support.DirtiesContextTestExecutionListener, org.springframework.test.context.transaction.TransactionalTestExecutionListener, org.springframework.test.context.jdbc.SqlScriptsTestExecutionListener, org.springframework.test.context.event.EventPublishingTestExecutionListener]
2023-02-08 20:09:08.968  INFO 11804 --- [main] .b.t.c.SpringBootTestContextBootstrapper : Using TestExecutionListeners: [org.springframework.test.context.web.ServletTestExecutionListener@4addfb95, org.springframework.test.context.support.DirtiesContextBeforeModesTestExecutionListener@2d3bb293, org.springframework.boot.test.mock.mockito.MockitoTestExecutionListener@4248608d, org.springframework.boot.test.autoconfigure.SpringBootDependencyInjectionTestExecutionListener@34dc40d5, org.springframework.test.context.support.DirtiesContextTestExecutionListener@11f81488, org.springframework.test.context.transaction.TransactionalTestExecutionListener@61a7930e, org.springframework.test.context.jdbc.SqlScriptsTestExecutionListener@60eacbbf, org.springframework.test.context.event.EventPublishingTestExecutionListener@36e6e59f, org.springframework.boot.test.mock.mockito.ResetMocksTestExecutionListener@676beb9f, org.springframework.boot.test.autoconfigure.restdocs.RestDocsTestExecutionListener@3a892b9f, org.springframework.boot.test.autoconfigure.web.client.MockRestServiceServerResetTestExecutionListener@c88a842, org.springframework.boot.test.autoconfigure.web.servlet.MockMvcPrintOnlyOnFailureTestExecutionListener@d436e51, org.springframework.boot.test.autoconfigure.web.servlet.WebDriverTestExecutionListener@35cc5b75]
2023-02-08 20:09:08.981  INFO 11804 --- [main] o.s.t.c.s.DefaultTestContextBootstrapper : Loaded default TestExecutionListener class names from location [META-INF/spring.factories]: [org.springframework.boot.test.mock.mockito.MockitoTestExecutionListener, org.springframework.boot.test.mock.mockito.ResetMocksTestExecutionListener, org.springframework.boot.test.autoconfigure.restdocs.RestDocsTestExecutionListener, org.springframework.boot.test.autoconfigure.web.client.MockRestServiceServerResetTestExecutionListener, org.springframework.boot.test.autoconfigure.web.servlet.MockMvcPrintOnlyOnFailureTestExecutionListener, org.springframework.boot.test.autoconfigure.web.servlet.WebDriverTestExecutionListener, org.springframework.test.context.web.ServletTestExecutionListener, org.springframework.test.context.support.DirtiesContextBeforeModesTestExecutionListener, org.springframework.test.context.support.DependencyInjectionTestExecutionListener, org.springframework.test.context.support.DirtiesContextTestExecutionListener, org.springframework.test.context.transaction.TransactionalTestExecutionListener, org.springframework.test.context.jdbc.SqlScriptsTestExecutionListener, org.springframework.test.context.event.EventPublishingTestExecutionListener]
2023-02-08 20:09:08.981  INFO 11804 --- [main] o.s.t.c.s.DefaultTestContextBootstrapper : Using TestExecutionListeners: [org.springframework.test.context.web.ServletTestExecutionListener@72117fc0, org.springframework.test.context.support.DirtiesContextBeforeModesTestExecutionListener@4ca37d40, org.springframework.boot.test.mock.mockito.MockitoTestExecutionListener@71904ea8, org.springframework.test.context.support.DependencyInjectionTestExecutionListener@1d63c523, org.springframework.test.context.support.DirtiesContextTestExecutionListener@64f55630, org.springframework.test.context.transaction.TransactionalTestExecutionListener@336b6e93, org.springframework.test.context.jdbc.SqlScriptsTestExecutionListener@40fd9358, org.springframework.test.context.event.EventPublishingTestExecutionListener@43b41cb9, org.springframework.boot.test.mock.mockito.ResetMocksTestExecutionListener@d3e9629, org.springframework.boot.test.autoconfigure.restdocs.RestDocsTestExecutionListener@65c97eeb, org.springframework.boot.test.autoconfigure.web.client.MockRestServiceServerResetTestExecutionListener@49825659, org.springframework.boot.test.autoconfigure.web.servlet.MockMvcPrintOnlyOnFailureTestExecutionListener@2ab0ca04, org.springframework.boot.test.autoconfigure.web.servlet.WebDriverTestExecutionListener@53c68ea5]
2023-02-08 20:09:09.006 ERROR 11804 --- [main] m.a.service.Impl.SmsServiceImpl          : 验证码服务异常：

java.lang.NullPointerException: null
	at mao.aggregate_pay_merchant_application.service.Impl.SmsServiceImpl.checkVerifyCode(SmsServiceImpl.java:40) ~[classes/:na]
	at mao.aggregate_pay_merchant_application.service.Impl.SmsServiceImplTest.lambda$testCheckVerifyCode3$1(SmsServiceImplTest.java:60) [test-classes/:na]
	at org.junit.jupiter.api.AssertThrows.assertThrows(AssertThrows.java:55) ~[junit-jupiter-api-5.5.2.jar:5.5.2]
	at org.junit.jupiter.api.AssertThrows.assertThrows(AssertThrows.java:37) ~[junit-jupiter-api-5.5.2.jar:5.5.2]
	at org.junit.jupiter.api.Assertions.assertThrows(Assertions.java:2952) ~[junit-jupiter-api-5.5.2.jar:5.5.2]
	at mao.aggregate_pay_merchant_application.service.Impl.SmsServiceImplTest.testCheckVerifyCode3(SmsServiceImplTest.java:60) [test-classes/:na]
	at sun.reflect.NativeMethodAccessorImpl.invoke0(Native Method) ~[na:1.8.0_332]
	at sun.reflect.NativeMethodAccessorImpl.invoke(NativeMethodAccessorImpl.java:62) ~[na:1.8.0_332]
	at sun.reflect.DelegatingMethodAccessorImpl.invoke(DelegatingMethodAccessorImpl.java:43) ~[na:1.8.0_332]
	at java.lang.reflect.Method.invoke(Method.java:498) ~[na:1.8.0_332]
	at org.junit.platform.commons.util.ReflectionUtils.invokeMethod(ReflectionUtils.java:675) ~[junit-platform-commons-1.5.2.jar:1.5.2]
	at org.junit.jupiter.engine.execution.MethodInvocation.proceed(MethodInvocation.java:60) ~[junit-jupiter-engine-5.5.2.jar:5.5.2]
	at org.junit.jupiter.engine.execution.InvocationInterceptorChain$ValidatingInvocation.proceed(InvocationInterceptorChain.java:125) ~[junit-jupiter-engine-5.5.2.jar:5.5.2]
	at org.junit.jupiter.engine.extension.TimeoutExtension.intercept(TimeoutExtension.java:132) ~[junit-jupiter-engine-5.5.2.jar:5.5.2]
	at org.junit.jupiter.engine.extension.TimeoutExtension.interceptTestableMethod(TimeoutExtension.java:124) ~[junit-jupiter-engine-5.5.2.jar:5.5.2]
	at org.junit.jupiter.engine.extension.TimeoutExtension.interceptTestMethod(TimeoutExtension.java:74) ~[junit-jupiter-engine-5.5.2.jar:5.5.2]
	at org.junit.jupiter.engine.execution.ExecutableInvoker$ReflectiveInterceptorCall.lambda$ofVoidMethod$0(ExecutableInvoker.java:115) ~[junit-jupiter-engine-5.5.2.jar:5.5.2]
	at org.junit.jupiter.engine.execution.ExecutableInvoker.lambda$invoke$0(ExecutableInvoker.java:105) ~[junit-jupiter-engine-5.5.2.jar:5.5.2]
	at org.junit.jupiter.engine.execution.InvocationInterceptorChain$InterceptedInvocation.proceed(InvocationInterceptorChain.java:104) ~[junit-jupiter-engine-5.5.2.jar:5.5.2]
	at org.junit.jupiter.engine.execution.InvocationInterceptorChain.proceed(InvocationInterceptorChain.java:62) ~[junit-jupiter-engine-5.5.2.jar:5.5.2]
	at org.junit.jupiter.engine.execution.InvocationInterceptorChain.chainAndInvoke(InvocationInterceptorChain.java:43) ~[junit-jupiter-engine-5.5.2.jar:5.5.2]
	at org.junit.jupiter.engine.execution.InvocationInterceptorChain.invoke(InvocationInterceptorChain.java:35) ~[junit-jupiter-engine-5.5.2.jar:5.5.2]
	at org.junit.jupiter.engine.execution.ExecutableInvoker.invoke(ExecutableInvoker.java:104) ~[junit-jupiter-engine-5.5.2.jar:5.5.2]
	at org.junit.jupiter.engine.execution.ExecutableInvoker.invoke(ExecutableInvoker.java:98) ~[junit-jupiter-engine-5.5.2.jar:5.5.2]
	at org.junit.jupiter.engine.descriptor.TestMethodTestDescriptor.lambda$invokeTestMethod$6(TestMethodTestDescriptor.java:202) ~[junit-jupiter-engine-5.5.2.jar:5.5.2]
	at org.junit.platform.engine.support.hierarchical.ThrowableCollector.execute(ThrowableCollector.java:73) ~[junit-platform-engine-1.5.2.jar:1.5.2]
	at org.junit.jupiter.engine.descriptor.TestMethodTestDescriptor.invokeTestMethod(TestMethodTestDescriptor.java:198) ~[junit-jupiter-engine-5.5.2.jar:5.5.2]
	at org.junit.jupiter.engine.descriptor.TestMethodTestDescriptor.execute(TestMethodTestDescriptor.java:135) ~[junit-jupiter-engine-5.5.2.jar:5.5.2]
	at org.junit.jupiter.engine.descriptor.TestMethodTestDescriptor.execute(TestMethodTestDescriptor.java:69) ~[junit-jupiter-engine-5.5.2.jar:5.5.2]
	at org.junit.platform.engine.support.hierarchical.NodeTestTask.lambda$executeRecursively$5(NodeTestTask.java:135) ~[junit-platform-engine-1.5.2.jar:1.5.2]
	at org.junit.platform.engine.support.hierarchical.ThrowableCollector.execute(ThrowableCollector.java:73) ~[junit-platform-engine-1.5.2.jar:1.5.2]
	at org.junit.platform.engine.support.hierarchical.NodeTestTask.lambda$executeRecursively$7(NodeTestTask.java:125) ~[junit-platform-engine-1.5.2.jar:1.5.2]
	at org.junit.platform.engine.support.hierarchical.Node.around(Node.java:135) ~[junit-platform-engine-1.5.2.jar:1.5.2]
	at org.junit.platform.engine.support.hierarchical.NodeTestTask.lambda$executeRecursively$8(NodeTestTask.java:123) ~[junit-platform-engine-1.5.2.jar:1.5.2]
	at org.junit.platform.engine.support.hierarchical.ThrowableCollector.execute(ThrowableCollector.java:73) ~[junit-platform-engine-1.5.2.jar:1.5.2]
	at org.junit.platform.engine.support.hierarchical.NodeTestTask.executeRecursively(NodeTestTask.java:122) ~[junit-platform-engine-1.5.2.jar:1.5.2]
	at org.junit.platform.engine.support.hierarchical.NodeTestTask.execute(NodeTestTask.java:80) ~[junit-platform-engine-1.5.2.jar:1.5.2]
	at java.util.ArrayList.forEach(ArrayList.java:1259) ~[na:1.8.0_332]
	at org.junit.platform.engine.support.hierarchical.SameThreadHierarchicalTestExecutorService.invokeAll(SameThreadHierarchicalTestExecutorService.java:38) ~[junit-platform-engine-1.5.2.jar:1.5.2]
	at org.junit.platform.engine.support.hierarchical.NodeTestTask.lambda$executeRecursively$5(NodeTestTask.java:139) ~[junit-platform-engine-1.5.2.jar:1.5.2]
	at org.junit.platform.engine.support.hierarchical.ThrowableCollector.execute(ThrowableCollector.java:73) ~[junit-platform-engine-1.5.2.jar:1.5.2]
	at org.junit.platform.engine.support.hierarchical.NodeTestTask.lambda$executeRecursively$7(NodeTestTask.java:125) ~[junit-platform-engine-1.5.2.jar:1.5.2]
	at org.junit.platform.engine.support.hierarchical.Node.around(Node.java:135) ~[junit-platform-engine-1.5.2.jar:1.5.2]
	at org.junit.platform.engine.support.hierarchical.NodeTestTask.lambda$executeRecursively$8(NodeTestTask.java:123) ~[junit-platform-engine-1.5.2.jar:1.5.2]
	at org.junit.platform.engine.support.hierarchical.ThrowableCollector.execute(ThrowableCollector.java:73) ~[junit-platform-engine-1.5.2.jar:1.5.2]
	at org.junit.platform.engine.support.hierarchical.NodeTestTask.executeRecursively(NodeTestTask.java:122) ~[junit-platform-engine-1.5.2.jar:1.5.2]
	at org.junit.platform.engine.support.hierarchical.NodeTestTask.execute(NodeTestTask.java:80) ~[junit-platform-engine-1.5.2.jar:1.5.2]
	at java.util.ArrayList.forEach(ArrayList.java:1259) ~[na:1.8.0_332]
	at org.junit.platform.engine.support.hierarchical.SameThreadHierarchicalTestExecutorService.invokeAll(SameThreadHierarchicalTestExecutorService.java:38) ~[junit-platform-engine-1.5.2.jar:1.5.2]
	at org.junit.platform.engine.support.hierarchical.NodeTestTask.lambda$executeRecursively$5(NodeTestTask.java:139) ~[junit-platform-engine-1.5.2.jar:1.5.2]
	at org.junit.platform.engine.support.hierarchical.ThrowableCollector.execute(ThrowableCollector.java:73) ~[junit-platform-engine-1.5.2.jar:1.5.2]
	at org.junit.platform.engine.support.hierarchical.NodeTestTask.lambda$executeRecursively$7(NodeTestTask.java:125) ~[junit-platform-engine-1.5.2.jar:1.5.2]
	at org.junit.platform.engine.support.hierarchical.Node.around(Node.java:135) ~[junit-platform-engine-1.5.2.jar:1.5.2]
	at org.junit.platform.engine.support.hierarchical.NodeTestTask.lambda$executeRecursively$8(NodeTestTask.java:123) ~[junit-platform-engine-1.5.2.jar:1.5.2]
	at org.junit.platform.engine.support.hierarchical.ThrowableCollector.execute(ThrowableCollector.java:73) ~[junit-platform-engine-1.5.2.jar:1.5.2]
	at org.junit.platform.engine.support.hierarchical.NodeTestTask.executeRecursively(NodeTestTask.java:122) ~[junit-platform-engine-1.5.2.jar:1.5.2]
	at org.junit.platform.engine.support.hierarchical.NodeTestTask.execute(NodeTestTask.java:80) ~[junit-platform-engine-1.5.2.jar:1.5.2]
	at org.junit.platform.engine.support.hierarchical.SameThreadHierarchicalTestExecutorService.submit(SameThreadHierarchicalTestExecutorService.java:32) ~[junit-platform-engine-1.5.2.jar:1.5.2]
	at org.junit.platform.engine.support.hierarchical.HierarchicalTestExecutor.execute(HierarchicalTestExecutor.java:57) ~[junit-platform-engine-1.5.2.jar:1.5.2]
	at org.junit.platform.engine.support.hierarchical.HierarchicalTestEngine.execute(HierarchicalTestEngine.java:51) ~[junit-platform-engine-1.5.2.jar:1.5.2]
	at org.junit.platform.launcher.core.DefaultLauncher.execute(DefaultLauncher.java:229) ~[junit-platform-launcher-1.5.2.jar:1.5.2]
	at org.junit.platform.launcher.core.DefaultLauncher.lambda$execute$6(DefaultLauncher.java:197) ~[junit-platform-launcher-1.5.2.jar:1.5.2]
	at org.junit.platform.launcher.core.DefaultLauncher.withInterceptedStreams(DefaultLauncher.java:211) ~[junit-platform-launcher-1.5.2.jar:1.5.2]
	at org.junit.platform.launcher.core.DefaultLauncher.execute(DefaultLauncher.java:191) ~[junit-platform-launcher-1.5.2.jar:1.5.2]
	at org.junit.platform.launcher.core.DefaultLauncher.execute(DefaultLauncher.java:128) ~[junit-platform-launcher-1.5.2.jar:1.5.2]
	at com.intellij.junit5.JUnit5IdeaTestRunner.startRunnerWithArgs(JUnit5IdeaTestRunner.java:71) ~[junit5-rt.jar:na]
	at com.intellij.rt.junit.IdeaTestRunner$Repeater.startRunnerWithArgs(IdeaTestRunner.java:33) ~[junit-rt.jar:na]
	at com.intellij.rt.junit.JUnitForkedStarter.main(JUnitForkedStarter.java:29) ~[junit-rt.jar:na]

2023-02-08 20:09:09.013 ERROR 11804 --- [main] m.a.service.Impl.SmsServiceImpl          : 验证码服务异常：

mao.tools_core.exception.BizException: An error occurred
	at mao.aggregate_pay_merchant_application.service.Impl.SmsServiceImpl.checkVerifyCode(SmsServiceImpl.java:38) ~[classes/:na]
	at mao.aggregate_pay_merchant_application.service.Impl.SmsServiceImplTest.lambda$testCheckVerifyCode4$2(SmsServiceImplTest.java:72) [test-classes/:na]
	at org.junit.jupiter.api.AssertThrows.assertThrows(AssertThrows.java:55) ~[junit-jupiter-api-5.5.2.jar:5.5.2]
	at org.junit.jupiter.api.AssertThrows.assertThrows(AssertThrows.java:37) ~[junit-jupiter-api-5.5.2.jar:5.5.2]
	at org.junit.jupiter.api.Assertions.assertThrows(Assertions.java:2952) ~[junit-jupiter-api-5.5.2.jar:5.5.2]
	at mao.aggregate_pay_merchant_application.service.Impl.SmsServiceImplTest.testCheckVerifyCode4(SmsServiceImplTest.java:72) [test-classes/:na]
	at sun.reflect.NativeMethodAccessorImpl.invoke0(Native Method) ~[na:1.8.0_332]
	at sun.reflect.NativeMethodAccessorImpl.invoke(NativeMethodAccessorImpl.java:62) ~[na:1.8.0_332]
	at sun.reflect.DelegatingMethodAccessorImpl.invoke(DelegatingMethodAccessorImpl.java:43) ~[na:1.8.0_332]
	at java.lang.reflect.Method.invoke(Method.java:498) ~[na:1.8.0_332]
	at org.junit.platform.commons.util.ReflectionUtils.invokeMethod(ReflectionUtils.java:675) ~[junit-platform-commons-1.5.2.jar:1.5.2]
	at org.junit.jupiter.engine.execution.MethodInvocation.proceed(MethodInvocation.java:60) ~[junit-jupiter-engine-5.5.2.jar:5.5.2]
	at org.junit.jupiter.engine.execution.InvocationInterceptorChain$ValidatingInvocation.proceed(InvocationInterceptorChain.java:125) ~[junit-jupiter-engine-5.5.2.jar:5.5.2]
	at org.junit.jupiter.engine.extension.TimeoutExtension.intercept(TimeoutExtension.java:132) ~[junit-jupiter-engine-5.5.2.jar:5.5.2]
	at org.junit.jupiter.engine.extension.TimeoutExtension.interceptTestableMethod(TimeoutExtension.java:124) ~[junit-jupiter-engine-5.5.2.jar:5.5.2]
	at org.junit.jupiter.engine.extension.TimeoutExtension.interceptTestMethod(TimeoutExtension.java:74) ~[junit-jupiter-engine-5.5.2.jar:5.5.2]
	at org.junit.jupiter.engine.execution.ExecutableInvoker$ReflectiveInterceptorCall.lambda$ofVoidMethod$0(ExecutableInvoker.java:115) ~[junit-jupiter-engine-5.5.2.jar:5.5.2]
	at org.junit.jupiter.engine.execution.ExecutableInvoker.lambda$invoke$0(ExecutableInvoker.java:105) ~[junit-jupiter-engine-5.5.2.jar:5.5.2]
	at org.junit.jupiter.engine.execution.InvocationInterceptorChain$InterceptedInvocation.proceed(InvocationInterceptorChain.java:104) ~[junit-jupiter-engine-5.5.2.jar:5.5.2]
	at org.junit.jupiter.engine.execution.InvocationInterceptorChain.proceed(InvocationInterceptorChain.java:62) ~[junit-jupiter-engine-5.5.2.jar:5.5.2]
	at org.junit.jupiter.engine.execution.InvocationInterceptorChain.chainAndInvoke(InvocationInterceptorChain.java:43) ~[junit-jupiter-engine-5.5.2.jar:5.5.2]
	at org.junit.jupiter.engine.execution.InvocationInterceptorChain.invoke(InvocationInterceptorChain.java:35) ~[junit-jupiter-engine-5.5.2.jar:5.5.2]
	at org.junit.jupiter.engine.execution.ExecutableInvoker.invoke(ExecutableInvoker.java:104) ~[junit-jupiter-engine-5.5.2.jar:5.5.2]
	at org.junit.jupiter.engine.execution.ExecutableInvoker.invoke(ExecutableInvoker.java:98) ~[junit-jupiter-engine-5.5.2.jar:5.5.2]
	at org.junit.jupiter.engine.descriptor.TestMethodTestDescriptor.lambda$invokeTestMethod$6(TestMethodTestDescriptor.java:202) ~[junit-jupiter-engine-5.5.2.jar:5.5.2]
	at org.junit.platform.engine.support.hierarchical.ThrowableCollector.execute(ThrowableCollector.java:73) ~[junit-platform-engine-1.5.2.jar:1.5.2]
	at org.junit.jupiter.engine.descriptor.TestMethodTestDescriptor.invokeTestMethod(TestMethodTestDescriptor.java:198) ~[junit-jupiter-engine-5.5.2.jar:5.5.2]
	at org.junit.jupiter.engine.descriptor.TestMethodTestDescriptor.execute(TestMethodTestDescriptor.java:135) ~[junit-jupiter-engine-5.5.2.jar:5.5.2]
	at org.junit.jupiter.engine.descriptor.TestMethodTestDescriptor.execute(TestMethodTestDescriptor.java:69) ~[junit-jupiter-engine-5.5.2.jar:5.5.2]
	at org.junit.platform.engine.support.hierarchical.NodeTestTask.lambda$executeRecursively$5(NodeTestTask.java:135) ~[junit-platform-engine-1.5.2.jar:1.5.2]
	at org.junit.platform.engine.support.hierarchical.ThrowableCollector.execute(ThrowableCollector.java:73) ~[junit-platform-engine-1.5.2.jar:1.5.2]
	at org.junit.platform.engine.support.hierarchical.NodeTestTask.lambda$executeRecursively$7(NodeTestTask.java:125) ~[junit-platform-engine-1.5.2.jar:1.5.2]
	at org.junit.platform.engine.support.hierarchical.Node.around(Node.java:135) ~[junit-platform-engine-1.5.2.jar:1.5.2]
	at org.junit.platform.engine.support.hierarchical.NodeTestTask.lambda$executeRecursively$8(NodeTestTask.java:123) ~[junit-platform-engine-1.5.2.jar:1.5.2]
	at org.junit.platform.engine.support.hierarchical.ThrowableCollector.execute(ThrowableCollector.java:73) ~[junit-platform-engine-1.5.2.jar:1.5.2]
	at org.junit.platform.engine.support.hierarchical.NodeTestTask.executeRecursively(NodeTestTask.java:122) ~[junit-platform-engine-1.5.2.jar:1.5.2]
	at org.junit.platform.engine.support.hierarchical.NodeTestTask.execute(NodeTestTask.java:80) ~[junit-platform-engine-1.5.2.jar:1.5.2]
	at java.util.ArrayList.forEach(ArrayList.java:1259) ~[na:1.8.0_332]
	at org.junit.platform.engine.support.hierarchical.SameThreadHierarchicalTestExecutorService.invokeAll(SameThreadHierarchicalTestExecutorService.java:38) ~[junit-platform-engine-1.5.2.jar:1.5.2]
	at org.junit.platform.engine.support.hierarchical.NodeTestTask.lambda$executeRecursively$5(NodeTestTask.java:139) ~[junit-platform-engine-1.5.2.jar:1.5.2]
	at org.junit.platform.engine.support.hierarchical.ThrowableCollector.execute(ThrowableCollector.java:73) ~[junit-platform-engine-1.5.2.jar:1.5.2]
	at org.junit.platform.engine.support.hierarchical.NodeTestTask.lambda$executeRecursively$7(NodeTestTask.java:125) ~[junit-platform-engine-1.5.2.jar:1.5.2]
	at org.junit.platform.engine.support.hierarchical.Node.around(Node.java:135) ~[junit-platform-engine-1.5.2.jar:1.5.2]
	at org.junit.platform.engine.support.hierarchical.NodeTestTask.lambda$executeRecursively$8(NodeTestTask.java:123) ~[junit-platform-engine-1.5.2.jar:1.5.2]
	at org.junit.platform.engine.support.hierarchical.ThrowableCollector.execute(ThrowableCollector.java:73) ~[junit-platform-engine-1.5.2.jar:1.5.2]
	at org.junit.platform.engine.support.hierarchical.NodeTestTask.executeRecursively(NodeTestTask.java:122) ~[junit-platform-engine-1.5.2.jar:1.5.2]
	at org.junit.platform.engine.support.hierarchical.NodeTestTask.execute(NodeTestTask.java:80) ~[junit-platform-engine-1.5.2.jar:1.5.2]
	at java.util.ArrayList.forEach(ArrayList.java:1259) ~[na:1.8.0_332]
	at org.junit.platform.engine.support.hierarchical.SameThreadHierarchicalTestExecutorService.invokeAll(SameThreadHierarchicalTestExecutorService.java:38) ~[junit-platform-engine-1.5.2.jar:1.5.2]
	at org.junit.platform.engine.support.hierarchical.NodeTestTask.lambda$executeRecursively$5(NodeTestTask.java:139) ~[junit-platform-engine-1.5.2.jar:1.5.2]
	at org.junit.platform.engine.support.hierarchical.ThrowableCollector.execute(ThrowableCollector.java:73) ~[junit-platform-engine-1.5.2.jar:1.5.2]
	at org.junit.platform.engine.support.hierarchical.NodeTestTask.lambda$executeRecursively$7(NodeTestTask.java:125) ~[junit-platform-engine-1.5.2.jar:1.5.2]
	at org.junit.platform.engine.support.hierarchical.Node.around(Node.java:135) ~[junit-platform-engine-1.5.2.jar:1.5.2]
	at org.junit.platform.engine.support.hierarchical.NodeTestTask.lambda$executeRecursively$8(NodeTestTask.java:123) ~[junit-platform-engine-1.5.2.jar:1.5.2]
	at org.junit.platform.engine.support.hierarchical.ThrowableCollector.execute(ThrowableCollector.java:73) ~[junit-platform-engine-1.5.2.jar:1.5.2]
	at org.junit.platform.engine.support.hierarchical.NodeTestTask.executeRecursively(NodeTestTask.java:122) ~[junit-platform-engine-1.5.2.jar:1.5.2]
	at org.junit.platform.engine.support.hierarchical.NodeTestTask.execute(NodeTestTask.java:80) ~[junit-platform-engine-1.5.2.jar:1.5.2]
	at org.junit.platform.engine.support.hierarchical.SameThreadHierarchicalTestExecutorService.submit(SameThreadHierarchicalTestExecutorService.java:32) ~[junit-platform-engine-1.5.2.jar:1.5.2]
	at org.junit.platform.engine.support.hierarchical.HierarchicalTestExecutor.execute(HierarchicalTestExecutor.java:57) ~[junit-platform-engine-1.5.2.jar:1.5.2]
	at org.junit.platform.engine.support.hierarchical.HierarchicalTestEngine.execute(HierarchicalTestEngine.java:51) ~[junit-platform-engine-1.5.2.jar:1.5.2]
	at org.junit.platform.launcher.core.DefaultLauncher.execute(DefaultLauncher.java:229) ~[junit-platform-launcher-1.5.2.jar:1.5.2]
	at org.junit.platform.launcher.core.DefaultLauncher.lambda$execute$6(DefaultLauncher.java:197) ~[junit-platform-launcher-1.5.2.jar:1.5.2]
	at org.junit.platform.launcher.core.DefaultLauncher.withInterceptedStreams(DefaultLauncher.java:211) ~[junit-platform-launcher-1.5.2.jar:1.5.2]
	at org.junit.platform.launcher.core.DefaultLauncher.execute(DefaultLauncher.java:191) ~[junit-platform-launcher-1.5.2.jar:1.5.2]
	at org.junit.platform.launcher.core.DefaultLauncher.execute(DefaultLauncher.java:128) ~[junit-platform-launcher-1.5.2.jar:1.5.2]
	at com.intellij.junit5.JUnit5IdeaTestRunner.startRunnerWithArgs(JUnit5IdeaTestRunner.java:71) ~[junit5-rt.jar:na]
	at com.intellij.rt.junit.IdeaTestRunner$Repeater.startRunnerWithArgs(IdeaTestRunner.java:33) ~[junit-rt.jar:na]
	at com.intellij.rt.junit.JUnitForkedStarter.main(JUnitForkedStarter.java:29) ~[junit-rt.jar:na]

2023-02-08 20:09:09.019 ERROR 11804 --- [main] m.a.service.Impl.SmsServiceImpl          : 验证码服务异常：

mao.tools_core.exception.BizException: 验证码错误或者验证码已过期
	at mao.aggregate_pay_merchant_application.service.Impl.SmsServiceImpl.checkVerifyCode(SmsServiceImpl.java:43) ~[classes/:na]
	at mao.aggregate_pay_merchant_application.service.Impl.SmsServiceImplTest.lambda$testCheckVerifyCode5$3(SmsServiceImplTest.java:85) [test-classes/:na]
	at org.junit.jupiter.api.AssertThrows.assertThrows(AssertThrows.java:55) ~[junit-jupiter-api-5.5.2.jar:5.5.2]
	at org.junit.jupiter.api.AssertThrows.assertThrows(AssertThrows.java:37) ~[junit-jupiter-api-5.5.2.jar:5.5.2]
	at org.junit.jupiter.api.Assertions.assertThrows(Assertions.java:2952) ~[junit-jupiter-api-5.5.2.jar:5.5.2]
	at mao.aggregate_pay_merchant_application.service.Impl.SmsServiceImplTest.testCheckVerifyCode5(SmsServiceImplTest.java:85) [test-classes/:na]
	at sun.reflect.NativeMethodAccessorImpl.invoke0(Native Method) ~[na:1.8.0_332]
	at sun.reflect.NativeMethodAccessorImpl.invoke(NativeMethodAccessorImpl.java:62) ~[na:1.8.0_332]
	at sun.reflect.DelegatingMethodAccessorImpl.invoke(DelegatingMethodAccessorImpl.java:43) ~[na:1.8.0_332]
	at java.lang.reflect.Method.invoke(Method.java:498) ~[na:1.8.0_332]
	at org.junit.platform.commons.util.ReflectionUtils.invokeMethod(ReflectionUtils.java:675) ~[junit-platform-commons-1.5.2.jar:1.5.2]
	at org.junit.jupiter.engine.execution.MethodInvocation.proceed(MethodInvocation.java:60) ~[junit-jupiter-engine-5.5.2.jar:5.5.2]
	at org.junit.jupiter.engine.execution.InvocationInterceptorChain$ValidatingInvocation.proceed(InvocationInterceptorChain.java:125) ~[junit-jupiter-engine-5.5.2.jar:5.5.2]
	at org.junit.jupiter.engine.extension.TimeoutExtension.intercept(TimeoutExtension.java:132) ~[junit-jupiter-engine-5.5.2.jar:5.5.2]
	at org.junit.jupiter.engine.extension.TimeoutExtension.interceptTestableMethod(TimeoutExtension.java:124) ~[junit-jupiter-engine-5.5.2.jar:5.5.2]
	at org.junit.jupiter.engine.extension.TimeoutExtension.interceptTestMethod(TimeoutExtension.java:74) ~[junit-jupiter-engine-5.5.2.jar:5.5.2]
	at org.junit.jupiter.engine.execution.ExecutableInvoker$ReflectiveInterceptorCall.lambda$ofVoidMethod$0(ExecutableInvoker.java:115) ~[junit-jupiter-engine-5.5.2.jar:5.5.2]
	at org.junit.jupiter.engine.execution.ExecutableInvoker.lambda$invoke$0(ExecutableInvoker.java:105) ~[junit-jupiter-engine-5.5.2.jar:5.5.2]
	at org.junit.jupiter.engine.execution.InvocationInterceptorChain$InterceptedInvocation.proceed(InvocationInterceptorChain.java:104) ~[junit-jupiter-engine-5.5.2.jar:5.5.2]
	at org.junit.jupiter.engine.execution.InvocationInterceptorChain.proceed(InvocationInterceptorChain.java:62) ~[junit-jupiter-engine-5.5.2.jar:5.5.2]
	at org.junit.jupiter.engine.execution.InvocationInterceptorChain.chainAndInvoke(InvocationInterceptorChain.java:43) ~[junit-jupiter-engine-5.5.2.jar:5.5.2]
	at org.junit.jupiter.engine.execution.InvocationInterceptorChain.invoke(InvocationInterceptorChain.java:35) ~[junit-jupiter-engine-5.5.2.jar:5.5.2]
	at org.junit.jupiter.engine.execution.ExecutableInvoker.invoke(ExecutableInvoker.java:104) ~[junit-jupiter-engine-5.5.2.jar:5.5.2]
	at org.junit.jupiter.engine.execution.ExecutableInvoker.invoke(ExecutableInvoker.java:98) ~[junit-jupiter-engine-5.5.2.jar:5.5.2]
	at org.junit.jupiter.engine.descriptor.TestMethodTestDescriptor.lambda$invokeTestMethod$6(TestMethodTestDescriptor.java:202) ~[junit-jupiter-engine-5.5.2.jar:5.5.2]
	at org.junit.platform.engine.support.hierarchical.ThrowableCollector.execute(ThrowableCollector.java:73) ~[junit-platform-engine-1.5.2.jar:1.5.2]
	at org.junit.jupiter.engine.descriptor.TestMethodTestDescriptor.invokeTestMethod(TestMethodTestDescriptor.java:198) ~[junit-jupiter-engine-5.5.2.jar:5.5.2]
	at org.junit.jupiter.engine.descriptor.TestMethodTestDescriptor.execute(TestMethodTestDescriptor.java:135) ~[junit-jupiter-engine-5.5.2.jar:5.5.2]
	at org.junit.jupiter.engine.descriptor.TestMethodTestDescriptor.execute(TestMethodTestDescriptor.java:69) ~[junit-jupiter-engine-5.5.2.jar:5.5.2]
	at org.junit.platform.engine.support.hierarchical.NodeTestTask.lambda$executeRecursively$5(NodeTestTask.java:135) ~[junit-platform-engine-1.5.2.jar:1.5.2]
	at org.junit.platform.engine.support.hierarchical.ThrowableCollector.execute(ThrowableCollector.java:73) ~[junit-platform-engine-1.5.2.jar:1.5.2]
	at org.junit.platform.engine.support.hierarchical.NodeTestTask.lambda$executeRecursively$7(NodeTestTask.java:125) ~[junit-platform-engine-1.5.2.jar:1.5.2]
	at org.junit.platform.engine.support.hierarchical.Node.around(Node.java:135) ~[junit-platform-engine-1.5.2.jar:1.5.2]
	at org.junit.platform.engine.support.hierarchical.NodeTestTask.lambda$executeRecursively$8(NodeTestTask.java:123) ~[junit-platform-engine-1.5.2.jar:1.5.2]
	at org.junit.platform.engine.support.hierarchical.ThrowableCollector.execute(ThrowableCollector.java:73) ~[junit-platform-engine-1.5.2.jar:1.5.2]
	at org.junit.platform.engine.support.hierarchical.NodeTestTask.executeRecursively(NodeTestTask.java:122) ~[junit-platform-engine-1.5.2.jar:1.5.2]
	at org.junit.platform.engine.support.hierarchical.NodeTestTask.execute(NodeTestTask.java:80) ~[junit-platform-engine-1.5.2.jar:1.5.2]
	at java.util.ArrayList.forEach(ArrayList.java:1259) ~[na:1.8.0_332]
	at org.junit.platform.engine.support.hierarchical.SameThreadHierarchicalTestExecutorService.invokeAll(SameThreadHierarchicalTestExecutorService.java:38) ~[junit-platform-engine-1.5.2.jar:1.5.2]
	at org.junit.platform.engine.support.hierarchical.NodeTestTask.lambda$executeRecursively$5(NodeTestTask.java:139) ~[junit-platform-engine-1.5.2.jar:1.5.2]
	at org.junit.platform.engine.support.hierarchical.ThrowableCollector.execute(ThrowableCollector.java:73) ~[junit-platform-engine-1.5.2.jar:1.5.2]
	at org.junit.platform.engine.support.hierarchical.NodeTestTask.lambda$executeRecursively$7(NodeTestTask.java:125) ~[junit-platform-engine-1.5.2.jar:1.5.2]
	at org.junit.platform.engine.support.hierarchical.Node.around(Node.java:135) ~[junit-platform-engine-1.5.2.jar:1.5.2]
	at org.junit.platform.engine.support.hierarchical.NodeTestTask.lambda$executeRecursively$8(NodeTestTask.java:123) ~[junit-platform-engine-1.5.2.jar:1.5.2]
	at org.junit.platform.engine.support.hierarchical.ThrowableCollector.execute(ThrowableCollector.java:73) ~[junit-platform-engine-1.5.2.jar:1.5.2]
	at org.junit.platform.engine.support.hierarchical.NodeTestTask.executeRecursively(NodeTestTask.java:122) ~[junit-platform-engine-1.5.2.jar:1.5.2]
	at org.junit.platform.engine.support.hierarchical.NodeTestTask.execute(NodeTestTask.java:80) ~[junit-platform-engine-1.5.2.jar:1.5.2]
	at java.util.ArrayList.forEach(ArrayList.java:1259) ~[na:1.8.0_332]
	at org.junit.platform.engine.support.hierarchical.SameThreadHierarchicalTestExecutorService.invokeAll(SameThreadHierarchicalTestExecutorService.java:38) ~[junit-platform-engine-1.5.2.jar:1.5.2]
	at org.junit.platform.engine.support.hierarchical.NodeTestTask.lambda$executeRecursively$5(NodeTestTask.java:139) ~[junit-platform-engine-1.5.2.jar:1.5.2]
	at org.junit.platform.engine.support.hierarchical.ThrowableCollector.execute(ThrowableCollector.java:73) ~[junit-platform-engine-1.5.2.jar:1.5.2]
	at org.junit.platform.engine.support.hierarchical.NodeTestTask.lambda$executeRecursively$7(NodeTestTask.java:125) ~[junit-platform-engine-1.5.2.jar:1.5.2]
	at org.junit.platform.engine.support.hierarchical.Node.around(Node.java:135) ~[junit-platform-engine-1.5.2.jar:1.5.2]
	at org.junit.platform.engine.support.hierarchical.NodeTestTask.lambda$executeRecursively$8(NodeTestTask.java:123) ~[junit-platform-engine-1.5.2.jar:1.5.2]
	at org.junit.platform.engine.support.hierarchical.ThrowableCollector.execute(ThrowableCollector.java:73) ~[junit-platform-engine-1.5.2.jar:1.5.2]
	at org.junit.platform.engine.support.hierarchical.NodeTestTask.executeRecursively(NodeTestTask.java:122) ~[junit-platform-engine-1.5.2.jar:1.5.2]
	at org.junit.platform.engine.support.hierarchical.NodeTestTask.execute(NodeTestTask.java:80) ~[junit-platform-engine-1.5.2.jar:1.5.2]
	at org.junit.platform.engine.support.hierarchical.SameThreadHierarchicalTestExecutorService.submit(SameThreadHierarchicalTestExecutorService.java:32) ~[junit-platform-engine-1.5.2.jar:1.5.2]
	at org.junit.platform.engine.support.hierarchical.HierarchicalTestExecutor.execute(HierarchicalTestExecutor.java:57) ~[junit-platform-engine-1.5.2.jar:1.5.2]
	at org.junit.platform.engine.support.hierarchical.HierarchicalTestEngine.execute(HierarchicalTestEngine.java:51) ~[junit-platform-engine-1.5.2.jar:1.5.2]
	at org.junit.platform.launcher.core.DefaultLauncher.execute(DefaultLauncher.java:229) ~[junit-platform-launcher-1.5.2.jar:1.5.2]
	at org.junit.platform.launcher.core.DefaultLauncher.lambda$execute$6(DefaultLauncher.java:197) ~[junit-platform-launcher-1.5.2.jar:1.5.2]
	at org.junit.platform.launcher.core.DefaultLauncher.withInterceptedStreams(DefaultLauncher.java:211) ~[junit-platform-launcher-1.5.2.jar:1.5.2]
	at org.junit.platform.launcher.core.DefaultLauncher.execute(DefaultLauncher.java:191) ~[junit-platform-launcher-1.5.2.jar:1.5.2]
	at org.junit.platform.launcher.core.DefaultLauncher.execute(DefaultLauncher.java:128) ~[junit-platform-launcher-1.5.2.jar:1.5.2]
	at com.intellij.junit5.JUnit5IdeaTestRunner.startRunnerWithArgs(JUnit5IdeaTestRunner.java:71) ~[junit5-rt.jar:na]
	at com.intellij.rt.junit.IdeaTestRunner$Repeater.startRunnerWithArgs(IdeaTestRunner.java:33) ~[junit-rt.jar:na]
	at com.intellij.rt.junit.JUnitForkedStarter.main(JUnitForkedStarter.java:29) ~[junit-rt.jar:na]

2023-02-08 20:09:09.025 ERROR 11804 --- [main] m.a.service.Impl.SmsServiceImpl          : 验证码服务异常：

java.lang.NullPointerException: null
	at mao.aggregate_pay_merchant_application.service.Impl.SmsServiceImpl.checkVerifyCode(SmsServiceImpl.java:40) ~[classes/:na]
	at mao.aggregate_pay_merchant_application.service.Impl.SmsServiceImplTest.lambda$testCheckVerifyCode$0(SmsServiceImplTest.java:36) [test-classes/:na]
	at org.junit.jupiter.api.AssertThrows.assertThrows(AssertThrows.java:55) ~[junit-jupiter-api-5.5.2.jar:5.5.2]
	at org.junit.jupiter.api.AssertThrows.assertThrows(AssertThrows.java:37) ~[junit-jupiter-api-5.5.2.jar:5.5.2]
	at org.junit.jupiter.api.Assertions.assertThrows(Assertions.java:2952) ~[junit-jupiter-api-5.5.2.jar:5.5.2]
	at mao.aggregate_pay_merchant_application.service.Impl.SmsServiceImplTest.testCheckVerifyCode(SmsServiceImplTest.java:36) [test-classes/:na]
	at sun.reflect.NativeMethodAccessorImpl.invoke0(Native Method) ~[na:1.8.0_332]
	at sun.reflect.NativeMethodAccessorImpl.invoke(NativeMethodAccessorImpl.java:62) ~[na:1.8.0_332]
	at sun.reflect.DelegatingMethodAccessorImpl.invoke(DelegatingMethodAccessorImpl.java:43) ~[na:1.8.0_332]
	at java.lang.reflect.Method.invoke(Method.java:498) ~[na:1.8.0_332]
	at org.junit.platform.commons.util.ReflectionUtils.invokeMethod(ReflectionUtils.java:675) ~[junit-platform-commons-1.5.2.jar:1.5.2]
	at org.junit.jupiter.engine.execution.MethodInvocation.proceed(MethodInvocation.java:60) ~[junit-jupiter-engine-5.5.2.jar:5.5.2]
	at org.junit.jupiter.engine.execution.InvocationInterceptorChain$ValidatingInvocation.proceed(InvocationInterceptorChain.java:125) ~[junit-jupiter-engine-5.5.2.jar:5.5.2]
	at org.junit.jupiter.engine.extension.TimeoutExtension.intercept(TimeoutExtension.java:132) ~[junit-jupiter-engine-5.5.2.jar:5.5.2]
	at org.junit.jupiter.engine.extension.TimeoutExtension.interceptTestableMethod(TimeoutExtension.java:124) ~[junit-jupiter-engine-5.5.2.jar:5.5.2]
	at org.junit.jupiter.engine.extension.TimeoutExtension.interceptTestMethod(TimeoutExtension.java:74) ~[junit-jupiter-engine-5.5.2.jar:5.5.2]
	at org.junit.jupiter.engine.execution.ExecutableInvoker$ReflectiveInterceptorCall.lambda$ofVoidMethod$0(ExecutableInvoker.java:115) ~[junit-jupiter-engine-5.5.2.jar:5.5.2]
	at org.junit.jupiter.engine.execution.ExecutableInvoker.lambda$invoke$0(ExecutableInvoker.java:105) ~[junit-jupiter-engine-5.5.2.jar:5.5.2]
	at org.junit.jupiter.engine.execution.InvocationInterceptorChain$InterceptedInvocation.proceed(InvocationInterceptorChain.java:104) ~[junit-jupiter-engine-5.5.2.jar:5.5.2]
	at org.junit.jupiter.engine.execution.InvocationInterceptorChain.proceed(InvocationInterceptorChain.java:62) ~[junit-jupiter-engine-5.5.2.jar:5.5.2]
	at org.junit.jupiter.engine.execution.InvocationInterceptorChain.chainAndInvoke(InvocationInterceptorChain.java:43) ~[junit-jupiter-engine-5.5.2.jar:5.5.2]
	at org.junit.jupiter.engine.execution.InvocationInterceptorChain.invoke(InvocationInterceptorChain.java:35) ~[junit-jupiter-engine-5.5.2.jar:5.5.2]
	at org.junit.jupiter.engine.execution.ExecutableInvoker.invoke(ExecutableInvoker.java:104) ~[junit-jupiter-engine-5.5.2.jar:5.5.2]
	at org.junit.jupiter.engine.execution.ExecutableInvoker.invoke(ExecutableInvoker.java:98) ~[junit-jupiter-engine-5.5.2.jar:5.5.2]
	at org.junit.jupiter.engine.descriptor.TestMethodTestDescriptor.lambda$invokeTestMethod$6(TestMethodTestDescriptor.java:202) ~[junit-jupiter-engine-5.5.2.jar:5.5.2]
	at org.junit.platform.engine.support.hierarchical.ThrowableCollector.execute(ThrowableCollector.java:73) ~[junit-platform-engine-1.5.2.jar:1.5.2]
	at org.junit.jupiter.engine.descriptor.TestMethodTestDescriptor.invokeTestMethod(TestMethodTestDescriptor.java:198) ~[junit-jupiter-engine-5.5.2.jar:5.5.2]
	at org.junit.jupiter.engine.descriptor.TestMethodTestDescriptor.execute(TestMethodTestDescriptor.java:135) ~[junit-jupiter-engine-5.5.2.jar:5.5.2]
	at org.junit.jupiter.engine.descriptor.TestMethodTestDescriptor.execute(TestMethodTestDescriptor.java:69) ~[junit-jupiter-engine-5.5.2.jar:5.5.2]
	at org.junit.platform.engine.support.hierarchical.NodeTestTask.lambda$executeRecursively$5(NodeTestTask.java:135) ~[junit-platform-engine-1.5.2.jar:1.5.2]
	at org.junit.platform.engine.support.hierarchical.ThrowableCollector.execute(ThrowableCollector.java:73) ~[junit-platform-engine-1.5.2.jar:1.5.2]
	at org.junit.platform.engine.support.hierarchical.NodeTestTask.lambda$executeRecursively$7(NodeTestTask.java:125) ~[junit-platform-engine-1.5.2.jar:1.5.2]
	at org.junit.platform.engine.support.hierarchical.Node.around(Node.java:135) ~[junit-platform-engine-1.5.2.jar:1.5.2]
	at org.junit.platform.engine.support.hierarchical.NodeTestTask.lambda$executeRecursively$8(NodeTestTask.java:123) ~[junit-platform-engine-1.5.2.jar:1.5.2]
	at org.junit.platform.engine.support.hierarchical.ThrowableCollector.execute(ThrowableCollector.java:73) ~[junit-platform-engine-1.5.2.jar:1.5.2]
	at org.junit.platform.engine.support.hierarchical.NodeTestTask.executeRecursively(NodeTestTask.java:122) ~[junit-platform-engine-1.5.2.jar:1.5.2]
	at org.junit.platform.engine.support.hierarchical.NodeTestTask.execute(NodeTestTask.java:80) ~[junit-platform-engine-1.5.2.jar:1.5.2]
	at java.util.ArrayList.forEach(ArrayList.java:1259) ~[na:1.8.0_332]
	at org.junit.platform.engine.support.hierarchical.SameThreadHierarchicalTestExecutorService.invokeAll(SameThreadHierarchicalTestExecutorService.java:38) ~[junit-platform-engine-1.5.2.jar:1.5.2]
	at org.junit.platform.engine.support.hierarchical.NodeTestTask.lambda$executeRecursively$5(NodeTestTask.java:139) ~[junit-platform-engine-1.5.2.jar:1.5.2]
	at org.junit.platform.engine.support.hierarchical.ThrowableCollector.execute(ThrowableCollector.java:73) ~[junit-platform-engine-1.5.2.jar:1.5.2]
	at org.junit.platform.engine.support.hierarchical.NodeTestTask.lambda$executeRecursively$7(NodeTestTask.java:125) ~[junit-platform-engine-1.5.2.jar:1.5.2]
	at org.junit.platform.engine.support.hierarchical.Node.around(Node.java:135) ~[junit-platform-engine-1.5.2.jar:1.5.2]
	at org.junit.platform.engine.support.hierarchical.NodeTestTask.lambda$executeRecursively$8(NodeTestTask.java:123) ~[junit-platform-engine-1.5.2.jar:1.5.2]
	at org.junit.platform.engine.support.hierarchical.ThrowableCollector.execute(ThrowableCollector.java:73) ~[junit-platform-engine-1.5.2.jar:1.5.2]
	at org.junit.platform.engine.support.hierarchical.NodeTestTask.executeRecursively(NodeTestTask.java:122) ~[junit-platform-engine-1.5.2.jar:1.5.2]
	at org.junit.platform.engine.support.hierarchical.NodeTestTask.execute(NodeTestTask.java:80) ~[junit-platform-engine-1.5.2.jar:1.5.2]
	at java.util.ArrayList.forEach(ArrayList.java:1259) ~[na:1.8.0_332]
	at org.junit.platform.engine.support.hierarchical.SameThreadHierarchicalTestExecutorService.invokeAll(SameThreadHierarchicalTestExecutorService.java:38) ~[junit-platform-engine-1.5.2.jar:1.5.2]
	at org.junit.platform.engine.support.hierarchical.NodeTestTask.lambda$executeRecursively$5(NodeTestTask.java:139) ~[junit-platform-engine-1.5.2.jar:1.5.2]
	at org.junit.platform.engine.support.hierarchical.ThrowableCollector.execute(ThrowableCollector.java:73) ~[junit-platform-engine-1.5.2.jar:1.5.2]
	at org.junit.platform.engine.support.hierarchical.NodeTestTask.lambda$executeRecursively$7(NodeTestTask.java:125) ~[junit-platform-engine-1.5.2.jar:1.5.2]
	at org.junit.platform.engine.support.hierarchical.Node.around(Node.java:135) ~[junit-platform-engine-1.5.2.jar:1.5.2]
	at org.junit.platform.engine.support.hierarchical.NodeTestTask.lambda$executeRecursively$8(NodeTestTask.java:123) ~[junit-platform-engine-1.5.2.jar:1.5.2]
	at org.junit.platform.engine.support.hierarchical.ThrowableCollector.execute(ThrowableCollector.java:73) ~[junit-platform-engine-1.5.2.jar:1.5.2]
	at org.junit.platform.engine.support.hierarchical.NodeTestTask.executeRecursively(NodeTestTask.java:122) ~[junit-platform-engine-1.5.2.jar:1.5.2]
	at org.junit.platform.engine.support.hierarchical.NodeTestTask.execute(NodeTestTask.java:80) ~[junit-platform-engine-1.5.2.jar:1.5.2]
	at org.junit.platform.engine.support.hierarchical.SameThreadHierarchicalTestExecutorService.submit(SameThreadHierarchicalTestExecutorService.java:32) ~[junit-platform-engine-1.5.2.jar:1.5.2]
	at org.junit.platform.engine.support.hierarchical.HierarchicalTestExecutor.execute(HierarchicalTestExecutor.java:57) ~[junit-platform-engine-1.5.2.jar:1.5.2]
	at org.junit.platform.engine.support.hierarchical.HierarchicalTestEngine.execute(HierarchicalTestEngine.java:51) ~[junit-platform-engine-1.5.2.jar:1.5.2]
	at org.junit.platform.launcher.core.DefaultLauncher.execute(DefaultLauncher.java:229) ~[junit-platform-launcher-1.5.2.jar:1.5.2]
	at org.junit.platform.launcher.core.DefaultLauncher.lambda$execute$6(DefaultLauncher.java:197) ~[junit-platform-launcher-1.5.2.jar:1.5.2]
	at org.junit.platform.launcher.core.DefaultLauncher.withInterceptedStreams(DefaultLauncher.java:211) ~[junit-platform-launcher-1.5.2.jar:1.5.2]
	at org.junit.platform.launcher.core.DefaultLauncher.execute(DefaultLauncher.java:191) ~[junit-platform-launcher-1.5.2.jar:1.5.2]
	at org.junit.platform.launcher.core.DefaultLauncher.execute(DefaultLauncher.java:128) ~[junit-platform-launcher-1.5.2.jar:1.5.2]
	at com.intellij.junit5.JUnit5IdeaTestRunner.startRunnerWithArgs(JUnit5IdeaTestRunner.java:71) ~[junit5-rt.jar:na]
	at com.intellij.rt.junit.IdeaTestRunner$Repeater.startRunnerWithArgs(IdeaTestRunner.java:33) ~[junit-rt.jar:na]
	at com.intellij.rt.junit.JUnitForkedStarter.main(JUnitForkedStarter.java:29) ~[junit-rt.jar:na]

2023-02-08 20:09:09.034  WARN 11804 --- [Thread-2] c.a.n.common.http.HttpClientBeanHolder   : [HttpClientBeanHolder] Start destroying common HttpClient
2023-02-08 20:09:09.035  INFO 11804 --- [Thread-25] c.n.l.PollingServerListUpdater           : Shutting down the Executor Pool for PollingServerListUpdater
2023-02-08 20:09:09.035  WARN 11804 --- [Thread-19] c.a.nacos.common.notify.NotifyCenter     : [NotifyCenter] Start destroying Publisher
2023-02-08 20:09:09.035  WARN 11804 --- [Thread-19] c.a.nacos.common.notify.NotifyCenter     : [NotifyCenter] Destruction of the end
2023-02-08 20:09:09.036  WARN 11804 --- [Thread-2] c.a.n.common.http.HttpClientBeanHolder   : [HttpClientBeanHolder] Destruction of the end
2023-02-08 20:09:09.040  INFO 11804 --- [SpringContextShutdownHook] o.s.s.c.ThreadPoolTaskScheduler          : Shutting down ExecutorService 'Nacos-Watch-Task-Scheduler'
2023-02-08 20:09:09.042  INFO 11804 --- [SpringContextShutdownHook] com.alibaba.nacos.client.naming          : com.alibaba.nacos.client.naming.beat.BeatReactor do shutdown begin
2023-02-08 20:09:09.042  INFO 11804 --- [SpringContextShutdownHook] com.alibaba.nacos.client.naming          : com.alibaba.nacos.client.naming.beat.BeatReactor do shutdown stop
2023-02-08 20:09:09.042  INFO 11804 --- [SpringContextShutdownHook] com.alibaba.nacos.client.naming          : com.alibaba.nacos.client.naming.core.HostReactor do shutdown begin
2023-02-08 20:09:12.077  INFO 11804 --- [SpringContextShutdownHook] com.alibaba.nacos.client.naming          : com.alibaba.nacos.client.naming.core.PushReceiver do shutdown begin
2023-02-08 20:09:15.103  INFO 11804 --- [SpringContextShutdownHook] com.alibaba.nacos.client.naming          : com.alibaba.nacos.client.naming.core.PushReceiver do shutdown stop
2023-02-08 20:09:15.103  INFO 11804 --- [SpringContextShutdownHook] com.alibaba.nacos.client.naming          : com.alibaba.nacos.client.naming.backups.FailoverReactor do shutdown begin
2023-02-08 20:09:15.103  INFO 11804 --- [SpringContextShutdownHook] com.alibaba.nacos.client.naming          : com.alibaba.nacos.client.naming.backups.FailoverReactor do shutdown stop
2023-02-08 20:09:15.103  INFO 11804 --- [SpringContextShutdownHook] com.alibaba.nacos.client.naming          : com.alibaba.nacos.client.naming.core.HostReactor do shutdown stop
2023-02-08 20:09:15.103  INFO 11804 --- [SpringContextShutdownHook] com.alibaba.nacos.client.naming          : com.alibaba.nacos.client.naming.net.NamingProxy do shutdown begin
2023-02-08 20:09:15.104  WARN 11804 --- [SpringContextShutdownHook] com.alibaba.nacos.client.naming          : [NamingHttpClientManager] Start destroying NacosRestTemplate
2023-02-08 20:09:15.104  WARN 11804 --- [SpringContextShutdownHook] com.alibaba.nacos.client.naming          : [NamingHttpClientManager] Destruction of the end
2023-02-08 20:09:15.104  INFO 11804 --- [SpringContextShutdownHook] c.a.n.client.identify.CredentialWatcher  : [null] CredentialWatcher is stopped
2023-02-08 20:09:15.104  INFO 11804 --- [SpringContextShutdownHook] c.a.n.client.identify.CredentialService  : [null] CredentialService is freed
2023-02-08 20:09:15.104  INFO 11804 --- [SpringContextShutdownHook] com.alibaba.nacos.client.naming          : com.alibaba.nacos.client.naming.net.NamingProxy do shutdown stop
2023-02-08 20:09:15.105  INFO 11804 --- [SpringContextShutdownHook] o.s.s.concurrent.ThreadPoolTaskExecutor  : Shutting down ExecutorService 'applicationTaskExecutor'
2023-02-08 20:09:15.159  INFO 11804 --- [NettyClientSelector_1] RocketmqRemoting                         : closeChannel: close the connection to remote address[127.0.0.1:9876] result: true
2023-02-08 20:09:15.161  INFO 11804 --- [NettyClientSelector_1] RocketmqRemoting                         : closeChannel: close the connection to remote address[172.26.48.1:10931] result: true
2023-02-08 20:09:15.161  INFO 11804 --- [NettyClientSelector_1] RocketmqRemoting                         : closeChannel: close the connection to remote address[172.26.48.1:10941] result: true
2023-02-08 20:09:15.161  INFO 11804 --- [NettyClientSelector_1] RocketmqRemoting                         : closeChannel: close the connection to remote address[172.26.48.1:10921] result: true
2023-02-08 20:09:15.162  INFO 11804 --- [NettyClientSelector_1] RocketmqRemoting                         : closeChannel: close the connection to remote address[172.26.48.1:10911] result: true
2023-02-08 20:09:15.183  INFO 11804 --- [NettyClientSelector_1] RocketmqRemoting                         : closeChannel: close the connection to remote address[127.0.0.1:9876] result: true
2023-02-08 20:09:15.184  INFO 11804 --- [NettyClientSelector_1] RocketmqRemoting                         : closeChannel: close the connection to remote address[172.26.48.1:10921] result: true
2023-02-08 20:09:15.184  INFO 11804 --- [NettyClientSelector_1] RocketmqRemoting                         : closeChannel: close the connection to remote address[172.26.48.1:10941] result: true
2023-02-08 20:09:15.184  INFO 11804 --- [NettyClientSelector_1] RocketmqRemoting                         : closeChannel: close the connection to remote address[172.26.48.1:10911] result: true
2023-02-08 20:09:15.184  INFO 11804 --- [NettyClientSelector_1] RocketmqRemoting                         : closeChannel: close the connection to remote address[172.26.48.1:10931] result: true
